0,0,0,0,0
0,0.00025,0,0,0
0,0.0005,0,0,0
0,0.00075,0,0,0
0,0.001,0,0,0
0,0.00125,0,0,0
0,0.0015,0,0,0
0,0.00175,0,0,0
0,0.002,0,0,0
0,0.00225,0,0,0
0,0.0025,0,0,0
0,0.00275,0,0,0
0,0.003,0,0,0
0,0.00325,0,0,0
0,0.0035,0,0,0
0,0.00375,0,0,0
0,0.004,0,0,0
0,0.00425,0,0,0
0,0.0045,0,0,0
0,0.00475,0,0,0
0,0.005,0,0,0
0,0.00525,0,0,0
0,0.0055,0,0,0
0,0.00575,0,0,0
0,0.006,0,0,0
0,0.00625,0,0,0
0,0.0065,0,0,0
0,0.00675,0,0,0
0,0.007,0,0,0
0,0.00725,0,0,0
0,0.0075,0,0,0
0,0.00775,0,0,1
0,0.008,0,0,1
0,0.00825,0,0,1
0,0.0085,0,0,1
0,0.00875,0,0,1
0,0.009,0,0,1
0,0.00925,0,0,1
0,0.0095,0,0,1
0,0.00975,0,0,1
0,0.01,0,0,1
0,0.01025,0,0,1
0,0.0105,0,0,1
0,0.01075,0,0,0
0,0.011,0,0,0
0,0.01125,0,0,0
0,0.0115,0,0,0
0,0.01175,0,0,0
0,0.012,0,0,1
0,0.01225,0,0,1
0,0.0125,0,0,1
0,0.01275,9.27627E-11,9.27627E-11,2
0,0.013,9.27627E-11,9.27627E-11,2
0,0.01325,2.43979E-09,1.79938E-09,4
0,0.0135,2.02405E-09,1.68496E-09,5
0,0.01375,2.02405E-09,1.68496E-09,5
0,0.014,6.12603E-09,3.02681E-09,9
0,0.01425,1.0064E-08,4.15743E-09,10
0,0.0145,1.24277E-08,4.47313E-09,13
0,0.01475,9.21248E-09,3.62927E-09,13
0,0.015,8.94201E-09,3.61932E-09,11
0,0.01525,8.97613E-09,3.61948E-09,12
0,0.0155,4.89579E-09,2.60363E-09,9
0,0.01575,2.04133E-09,1.11842E-09,10
0,0.016,1.91437E-09,1.06468E-09,9
0,0.01625,5.06475E-09,2.00681E-09,15
0,0.0165,8.4301E-09,2.7912E-09,21
0,0.01675,9.9684E-09,3.19867E-09,22
0,0.017,1.22006E-08,3.51609E-09,26
0,0.01725,1.36003E-08,3.72718E-09,27
0,0.0175,1.46251E-08,4.65346E-09,26
0,0.01775,1.14027E-08,4.29323E-09,21
0,0.018,6.50567E-09,2.52901E-09,18
0,0.01825,1.0605E-08,4.04883E-09,21
0,0.0185,9.24376E-09,3.82278E-09,20
0,0.01875,1.13666E-08,5.10222E-09,21
0,0.019,1.16708E-08,4.43248E-09,27
0,0.01925,1.55715E-08,5.85468E-09,31
0,0.0195,1.70405E-08,5.98903E-09,31
0,0.01975,1.79625E-08,6.4731E-09,35
0,0.02,2.15363E-08,7.0473E-09,39
0,0.02025,1.82445E-08,6.06871E-09,38
0,0.0205,1.76933E-08,5.99057E-09,38
0,0.02075,1.64502E-08,4.82836E-09,40
0,0.021,1.86023E-08,5.19427E-09,47
0,0.02125,1.32373E-08,3.62052E-09,43
0,0.0215,1.34014E-08,3.71533E-09,42
0,0.02175,1.40227E-08,3.74688E-09,49
0,0.022,1.33655E-08,3.76592E-09,49
0,0.02225,1.37749E-08,4.12431E-09,50
0,0.0225,1.14698E-08,3.54032E-09,49
0,0.02275,1.24699E-08,3.58805E-09,53
0,0.023,9.51135E-09,2.62217E-09,53
0,0.02325,1.00137E-08,2.8098E-09,47
0,0.0235,1.06219E-08,2.91702E-09,48
0,0.02375,8.80028E-09,2.26101E-09,49
0,0.024,7.9714E-09,2.15009E-09,49
0,0.02425,8.5988E-09,2.30582E-09,53
0,0.0245,1.22601E-08,2.91265E-09,58
0,0.02475,1.38117E-08,3.3237E-09,61
0,0.025,1.21575E-08,2.90588E-09,59
0,0.02525,1.14776E-08,2.69286E-09,56
0,0.0255,1.41668E-08,3.47145E-09,57
0,0.02575,1.51243E-08,3.71964E-09,50
0,0.026,1.25257E-08,3.58527E-09,49
0,0.02625,1.18957E-08,3.51735E-09,54
0,0.0265,1.20339E-08,3.44E-09,58
0,0.02675,1.14182E-08,3.41378E-09,57
0,0.027,9.48163E-09,2.75429E-09,52
0,0.02725,8.47217E-09,2.31903E-09,59
0,0.0275,1.00282E-08,3.46022E-09,58
0,0.02775,7.67502E-09,1.85963E-09,51
0,0.028,7.3236E-09,1.87928E-09,50
0,0.02825,1.387E-08,4.92202E-09,53
0,0.0285,1.45636E-08,5.00473E-09,67
0,0.02875,1.36553E-08,4.98864E-09,62
0,0.029,1.05292E-08,3.523E-09,64
0,0.02925,1.38009E-08,5.22681E-09,71
0,0.0295,1.55807E-08,5.73151E-09,70
0,0.02975,8.47293E-09,3.01515E-09,66
0,0.03,7.33821E-09,2.75896E-09,58
0,0.03025,7.81496E-09,2.74527E-09,61
0,0.0305,8.27321E-09,2.84778E-09,57
0,0.03075,8.68605E-09,2.48048E-09,55
0,0.031,7.89495E-09,2.22212E-09,54
0,0.03125,1.11009E-08,3.20192E-09,54
0,0.0315,1.06379E-08,3.16438E-09,53
0,0.03175,1.19787E-08,3.62559E-09,51
0,0.032,1.37957E-08,3.89704E-09,57
0,0.03225,1.05302E-08,3.31941E-09,54
0,0.0325,9.45476E-09,3.13637E-09,53
0,0.03275,5.96487E-09,1.92304E-09,55
0,0.033,7.03331E-09,2.21366E-09,54
0,0.03325,9.12031E-09,2.71623E-09,62
0,0.0335,6.27201E-09,2.12887E-09,55
0,0.03375,6.39311E-09,2.14783E-09,54
0,0.034,6.48375E-09,2.14854E-09,55
0,0.03425,9.52946E-09,3.15069E-09,61
0,0.0345,8.70933E-09,2.98702E-09,62
0,0.03475,4.20682E-09,1.27894E-09,59
0,0.035,9.38992E-09,4.48949E-09,60
0,0.03525,1.17969E-08,5.15793E-09,62
0,0.0355,1.18271E-08,5.15811E-09,60
0,0.03575,6.87701E-09,2.95683E-09,53
0,0.036,7.14337E-09,3.04037E-09,52
0,0.03625,6.49314E-09,2.9871E-09,46
0,0.0365,2.83264E-09,9.96143E-10,45
0,0.03675,1.88415E-09,4.99939E-10,47
0,0.037,2.82149E-09,7.68314E-10,57
0,0.03725,2.50595E-09,7.34882E-10,56
0,0.0375,1.95116E-09,5.25139E-10,51
0,0.03775,3.04445E-09,1.07488E-09,49
0,0.038,2.6809E-09,1.03645E-09,47
0,0.03825,2.65524E-09,1.04924E-09,41
0,0.0385,2.08865E-09,9.02689E-10,34
0,0.03875,2.24592E-09,9.18224E-10,34
0,0.039,2.17924E-09,9.04129E-10,39
0,0.03925,1.7061E-09,4.94073E-10,37
0,0.0395,1.63622E-09,4.81066E-10,36
0,0.03975,1.30128E-09,4.09788E-10,34
0,0.04,1.73732E-09,6.08588E-10,31
0,0.04025,2.32995E-09,7.64258E-10,35
0,0.0405,3.155E-09,9.25091E-10,34
0,0.04075,4.77569E-09,1.34775E-09,41
0,0.041,5.10052E-09,1.37106E-09,43
0,0.04125,6.47616E-09,1.56187E-09,51
0,0.0415,6.01109E-09,1.48823E-09,59
0,0.04175,5.63135E-09,1.37964E-09,57
0,0.042,5.54263E-09,1.35904E-09,59
0,0.04225,3.24939E-09,7.74946E-10,52
0,0.0425,4.1724E-09,1.11921E-09,55
0,0.04275,4.05144E-09,1.16392E-09,55
0,0.043,3.96377E-09,1.17662E-09,48
0,0.04325,3.4802E-09,1.13741E-09,45
0,0.0435,3.14436E-09,1.06935E-09,46
0,0.04375,3.09938E-09,1.06789E-09,51
0,0.044,1.73355E-09,5.47056E-10,45
0,0.04425,9.91019E-10,3.09715E-10,40
0,0.0445,8.2593E-10,2.83341E-10,35
0,0.04475,1.66294E-09,6.70223E-10,36
0,0.045,2.01562E-09,9.11632E-10,38
0,0.04525,2.09764E-09,9.13971E-10,38
0,0.0455,2.17786E-09,9.1767E-10,43
0,0.04575,2.17102E-09,9.17598E-10,45
0,0.046,4.90991E-09,3.13035E-09,50
0,0.04625,3.98572E-09,3.03885E-09,49
0,0.0465,1.18358E-09,3.67913E-10,41
0,0.04675,1.15205E-09,3.70448E-10,36
0,0.047,4.76038E-09,2.7454E-09,34
0,0.04725,5.12983E-09,2.75804E-09,31
0,0.0475,2.5356E-09,1.19297E-09,30
0,0.04775,3.20513E-09,1.41002E-09,34
0,0.048,2.89998E-09,1.38161E-09,39
0,0.04825,3.28511E-09,1.45345E-09,42
0,0.0485,1.36639E-09,5.53561E-10,44
0,0.04875,1.02708E-09,4.90613E-10,43
0,0.049,1.04943E-09,4.90841E-10,47
0,0.04925,5.26757E-10,1.47436E-10,46
0,0.0495,8.74424E-10,3.57334E-10,44
0,0.04975,8.70773E-10,3.60854E-10,43
0,0.05,8.37753E-10,3.60739E-10,40
0,0.05025,8.83447E-10,3.62555E-10,43
0,0.0505,8.25605E-10,3.60314E-10,39
0,0.05075,1.31383E-09,5.11508E-10,35
0,0.051,9.55302E-10,4.03436E-10,35
0,0.05125,6.71047E-10,2.80444E-10,32
0,0.0515,1.09984E-09,4.18265E-10,36
0,0.05175,1.45595E-09,5.11376E-10,37
0,0.052,1.60475E-09,5.20271E-10,37
0,0.05225,1.27476E-09,3.97738E-10,38
0,0.0525,1.15788E-09,3.7727E-10,37
0,0.05275,1.17673E-09,3.77753E-10,40
0,0.053,1.18911E-09,3.71929E-10,40
0,0.05325,8.69445E-10,2.3292E-10,39
0,0.0535,1.34634E-09,3.43793E-10,43
0,0.05375,1.17963E-09,3.14496E-10,42
0,0.054,1.24211E-09,3.2198E-10,39
0,0.05425,1.30336E-09,3.32464E-10,41
0,0.0545,1.08234E-09,3.05316E-10,35
0,0.05475,1.12037E-09,3.25209E-10,37
0,0.055,7.57017E-10,2.7214E-10,35
0,0.05525,1.39162E-09,4.82892E-10,44
0,0.0555,1.54443E-09,4.99556E-10,46
0,0.05575,2.22057E-09,6.82575E-10,45
0,0.056,2.10562E-09,6.7065E-10,50
0,0.05625,1.75915E-09,5.86312E-10,49
0,0.0565,1.54833E-09,5.5167E-10,47
0,0.05675,1.11633E-09,3.92831E-10,42
0,0.057,8.62799E-10,3.63453E-10,47
0,0.05725,5.51685E-10,1.71174E-10,49
0,0.0575,1.55476E-09,7.3769E-10,50
0,0.05775,1.53217E-09,7.37515E-10,45
0,0.058,1.46762E-09,7.36108E-10,40
0,0.05825,2.16898E-09,1.08121E-09,38
0,0.0585,2.25288E-09,1.08265E-09,33
0,0.05875,1.65355E-09,7.79333E-10,29
0,0.059,1.94121E-09,1.19304E-09,31
0,0.05925,1.97486E-09,1.19317E-09,38
0,0.0595,2.17339E-09,1.20514E-09,42
0,0.05975,1.18915E-09,4.22942E-10,42
0,0.06,1.09631E-09,4.1907E-10,43
0,0.06025,1.36577E-09,5.34006E-10,46
0,0.0605,8.83715E-10,3.58028E-10,42
0,0.06075,9.12105E-10,3.60444E-10,40
0,0.061,8.31213E-10,3.32154E-10,38
0,0.06125,6.12556E-10,2.42231E-10,39
0,0.0615,6.75166E-10,2.475E-10,41
0,0.06175,3.76654E-10,1.24242E-10,39
0,0.062,4.45863E-10,1.53438E-10,37
0,0.06225,6.1866E-10,2.20176E-10,37
0,0.0625,6.50833E-10,2.18199E-10,45
0,0.06275,8.43794E-10,3.03766E-10,45
0,0.063,1.80764E-09,8.3239E-10,45
0,0.06325,1.90211E-09,8.39735E-10,46
0,0.0635,1.74613E-09,8.24423E-10,49
0,0.06375,1.47762E-09,7.77615E-10,46
0,0.064,1.89139E-09,8.40894E-10,45
0,0.06425,2.44592E-09,1.03661E-09,44
0,0.0645,1.45233E-09,4.7855E-10,48
0,0.06475,1.37581E-09,4.65947E-10,48
0,0.065,1.35271E-09,4.65812E-10,45
0,0.06525,1.44241E-09,4.74815E-10,48
0,0.0655,1.58316E-09,7.04276E-10,45
0,0.06575,7.78736E-10,2.77872E-10,43
0,0.066,4.6405E-10,1.62212E-10,41
0,0.06625,4.64181E-10,1.68027E-10,36
0,0.0665,8.54765E-10,4.10449E-10,43
0,0.06675,1.49224E-09,7.21569E-10,45
0,0.067,1.52257E-09,7.24004E-10,45
0,0.06725,1.49093E-09,7.23775E-10,43
0,0.0675,1.4972E-09,7.23865E-10,41
0,0.06775,1.60361E-09,7.32084E-10,46
0,0.068,1.19812E-09,6.28676E-10,40
0,0.06825,6.18248E-10,2.72096E-10,38
0,0.0685,2.8308E-10,1.30332E-10,34
0,0.06875,4.30464E-10,1.53481E-10,43
0,0.069,4.78552E-10,1.70563E-10,38
0,0.06925,4.28267E-10,1.33749E-10,39
0,0.0695,4.84434E-10,1.44867E-10,39
0,0.06975,5.57038E-10,1.76133E-10,37
0,0.07,5.68354E-10,1.76542E-10,39
0,0.07025,7.83439E-10,3.45465E-10,37
0,0.0705,8.26744E-10,3.58245E-10,39
0,0.07075,1.09459E-09,4.81518E-10,34
0,0.071,1.17585E-09,4.90703E-10,34
0,0.07125,1.68988E-09,9.93262E-10,33
0,0.0715,1.7589E-09,9.95569E-10,34
0,0.07175,7.79876E-10,3.7422E-10,26
0,0.072,2.68182E-09,1.56077E-09,27
0,0.07225,2.53807E-09,1.53202E-09,32
0,0.0725,3.61551E-09,1.91273E-09,37
0,0.07275,2.62602E-09,1.40143E-09,42
0,0.073,2.65096E-09,1.40123E-09,46
0,0.07325,2.70381E-09,1.40168E-09,52
0,0.0735,9.25241E-10,3.76993E-10,50
0,0.07375,1.58589E-09,9.10515E-10,47
0,0.074,9.36769E-10,4.27587E-10,43
0,0.07425,7.37224E-10,2.98267E-10,37
0,0.0745,8.68526E-10,3.25837E-10,35
0,0.07475,8.15505E-10,3.23888E-10,30
0,0.075,8.01871E-10,3.19794E-10,32
0,0.07525,5.9804E-10,2.27535E-10,35
0,0.0755,5.48128E-10,2.07959E-10,36
0,0.07575,4.18837E-10,1.7348E-10,34
0,0.076,2.78443E-10,1.18998E-10,33
0,0.07625,5.05882E-10,1.90669E-10,38
0,0.0765,8.35308E-10,3.75769E-10,37
0,0.07675,1.38708E-09,7.45984E-10,34
0,0.077,1.29308E-09,7.40358E-10,33
0,0.07725,1.48932E-09,7.61873E-10,40
0,0.0775,1.4148E-09,7.59929E-10,39
0,0.07775,6.39935E-10,3.74203E-10,34
0,0.078,3.83682E-10,2.19493E-10,38
0,0.07825,2.6559E-10,1.3548E-10,38
0,0.0785,2.86255E-10,1.37577E-10,38
0,0.07875,1.73991E-10,6.56763E-11,35
0,0.079,2.35767E-10,8.93281E-11,40
0,0.07925,2.8165E-10,9.45137E-11,47
0,0.0795,2.14435E-10,7.01437E-11,45
0,0.07975,2.99668E-10,8.99088E-11,49
0,0.08,3.00474E-10,9.06643E-11,49
0,0.08025,2.89696E-10,8.72822E-11,48
0,0.0805,5.87926E-10,3.19638E-10,42
0,0.08075,5.86961E-10,3.20199E-10,37
0,0.081,6.65652E-10,3.24505E-10,42
0,0.08125,3.99283E-10,1.30201E-10,40
0,0.0815,4.60443E-10,1.56584E-10,38
0,0.08175,6.52236E-10,2.12011E-10,42
0,0.082,4.8012E-10,1.69802E-10,41
0,0.08225,5.46193E-10,1.98727E-10,44
0,0.0825,5.46651E-10,2.10798E-10,38
0,0.08275,4.53711E-10,1.94238E-10,36
0,0.083,4.65428E-10,1.94553E-10,39
0,0.08325,2.48671E-10,1.30532E-10,36
0,0.0835,4.16235E-10,1.95756E-10,39
0,0.08375,3.2271E-10,1.3717E-10,39
0,0.084,3.56486E-10,1.51998E-10,39
0,0.08425,3.25596E-10,1.49519E-10,38
0,0.0845,4.70225E-10,2.08921E-10,42
0,0.08475,4.945E-10,2.09892E-10,42
0,0.085,5.31152E-10,2.26128E-10,41
0,0.08525,6.71476E-10,2.87706E-10,38
0,0.0855,6.62215E-10,2.84473E-10,38
0,0.08575,6.61738E-10,2.84488E-10,36
0,0.086,4.03389E-10,2.13236E-10,29
0,0.08625,3.76333E-10,2.12274E-10,23
0,0.0865,1.81839E-10,1.05753E-10,22
0,0.08675,8.05498E-11,3.2644E-11,22
0,0.087,1.12198E-10,5.55322E-11,21
0,0.08725,1.3599E-10,5.89499E-11,25
0,0.0875,1.28971E-10,5.83502E-11,23
0,0.08775,2.16739E-10,7.04582E-11,33
0,0.088,2.54999E-10,8.56488E-11,40
0,0.08825,3.12385E-10,9.62628E-11,41
0,0.0885,2.66732E-10,8.44012E-11,40
0,0.08875,2.40733E-10,8.18756E-11,39
0,0.089,3.6682E-10,1.30157E-10,44
0,0.08925,3.8693E-10,1.49764E-10,40
0,0.0895,6.2523E-10,2.52198E-10,37
0,0.08975,6.39655E-10,2.62068E-10,38
0,0.09,5.48245E-10,2.42385E-10,38
0,0.09025,6.45199E-10,2.62375E-10,35
0,0.0905,6.20107E-10,2.6205E-10,32
0,0.09075,5.16078E-10,2.48256E-10,31
0,0.091,2.2985E-10,1.3309E-10,30
0,0.09125,1.47271E-10,1.02542E-10,27
0,0.0915,2.07123E-10,1.13556E-10,32
0,0.09175,2.93965E-10,1.94146E-10,33
0,0.092,1.4477E-10,6.50405E-11,34
0,0.09225,6.0671E-10,3.30637E-10,34
0,0.0925,7.46084E-10,3.51499E-10,36
0,0.09275,8.90459E-10,3.74187E-10,40
0,0.093,8.20342E-10,3.70816E-10,33
0,0.09325,8.11869E-10,3.10455E-10,39
0,0.0935,7.74409E-10,3.08141E-10,37
0,0.09375,4.46877E-10,1.99107E-10,38
0,0.094,3.27092E-10,1.61594E-10,37
0,0.09425,1.81586E-10,9.96392E-11,35
0,0.0945,3.30297E-10,1.61285E-10,42
0,0.09475,1.65549E-10,8.99175E-11,37
0,0.095,1.71393E-10,9.00868E-11,40
0,0.09525,2.08839E-10,9.50858E-11,43
0,0.0955,2.24447E-10,1.01615E-10,42
0,0.09575,3.48423E-10,1.60033E-10,43
0,0.096,3.39209E-10,1.60059E-10,38
0,0.09625,2.54344E-10,1.37033E-10,37
0,0.0965,3.35703E-10,1.49925E-10,37
0,0.09675,2.9736E-10,1.46806E-10,33
0,0.097,2.73848E-10,1.42865E-10,30
0,0.09725,2.09842E-10,8.34786E-11,30
0,0.0975,2.09255E-10,8.00606E-11,29
0,0.09775,2.12866E-10,8.01408E-11,28
0,0.098,1.91806E-10,7.42678E-11,31
0,0.09825,1.96505E-10,7.48063E-11,32
0,0.0985,2.22395E-10,7.89281E-11,35
0,0.09875,1.7643E-10,6.6997E-11,34
0,0.099,1.56212E-10,6.17377E-11,38
0,0.09925,1.72192E-10,6.36301E-11,40
0,0.0995,1.14012E-10,4.72709E-11,31
0,0.09975,1.02192E-10,4.57768E-11,30
0,0.1,4.94904E-11,1.99211E-11,28
0,0.10025,8.09521E-11,4.9495E-11,26
0,0.1005,2.11599E-10,1.60816E-10,28
0,0.10075,1.96924E-10,1.60108E-10,28
0,0.101,2.03663E-10,1.60273E-10,29
0,0.10125,2.07518E-10,1.60324E-10,28
0,0.1015,2.0088E-10,1.60226E-10,29
0,0.10175,4.95695E-11,1.99597E-11,30
0,0.102,2.10798E-11,9.08304E-12,25
0,0.10225,1.69335E-11,7.76903E-12,24
0,0.1025,1.69398E-11,7.76903E-12,24
0,0.10275,6.36564E-11,4.38751E-11,24
0,0.103,1.16929E-10,6.50122E-11,23
0,0.10325,1.10068E-10,6.47406E-11,20
0,0.1035,1.0745E-10,6.4689E-11,17
0,0.10375,1.06697E-10,6.46844E-11,15
0,0.104,1.05704E-10,6.45939E-11,20
0,0.10425,6.11578E-11,4.82374E-11,19
0,0.1045,2.57442E-11,1.94171E-11,15
0,0.10475,1.1304E-10,6.21456E-11,19
0,0.105,1.45703E-10,7.03078E-11,19
0,0.10525,1.46188E-10,7.03095E-11,21
0,0.1055,1.41917E-10,7.01454E-11,17
0,0.10575,8.83039E-11,4.61312E-11,15
0,0.106,6.954E-11,4.21429E-11,14
0,0.10625,3.95434E-12,1.68433E-12,14
0,0.1065,4.04203E-12,1.68671E-12,14
0,0.10675,6.15099E-12,2.98697E-12,14
0,0.107,6.05987E-11,5.23761E-11,13
0,0.10725,6.05987E-11,5.23761E-11,12
0,0.1075,6.07271E-11,5.23763E-11,14
0,0.10775,6.3405E-11,5.26003E-11,12
0,0.108,1.15485E-11,6.38886E-12,13
0,0.10825,1.49869E-10,1.19146E-10,13
0,0.1085,3.49296E-11,2.5199E-11,14
0,0.10875,3.76334E-11,2.52901E-11,17
0,0.109,6.02309E-11,3.40003E-11,16
0,0.10925,6.10082E-11,3.39586E-11,20
0,0.1095,6.46222E-11,3.41142E-11,20
0,0.10975,2.3244E-11,8.25086E-12,20
0,0.11,2.14232E-11,7.87967E-12,21
0,0.11025,1.87492E-11,7.58216E-12,20
0,0.1105,1.92171E-11,7.59082E-12,24
0,0.11075,1.65271E-11,6.41412E-12,20
0,0.111,1.24689E-11,5.50946E-12,18
0,0.11125,6.81306E-12,3.46192E-12,16
0,0.1115,1.7531E-11,1.35573E-11,14
0,0.11175,1.96096E-11,1.36398E-11,17
0,0.112,7.39288E-12,3.36443E-12,14
0,0.11225,4.08562E-12,2.17702E-12,15
0,0.1125,4.43265E-12,2.19283E-12,18
0,0.11275,6.42437E-12,2.92679E-12,20
0,0.113,4.48753E-12,2.19812E-12,19
0,0.11325,2.39745E-12,1.60838E-12,15
0,0.1135,8.72402E-13,4.11537E-13,15
0,0.11375,6.2391E-13,3.48495E-13,11
0,0.114,2.20778E-12,1.94599E-12,8
0,0.11425,3.09529E-12,3.04642E-12,6
0,0.1145,1.29902E-11,1.03048E-11,8
0,0.11475,1.2972E-11,1.03048E-11,7
0,0.115,4.74528E-11,3.20615E-11,8
0,0.11525,4.74528E-11,3.20615E-11,8
0,0.1155,4.15057E-11,3.06285E-11,11
0,0.11575,3.84867E-11,3.04767E-11,11
0,0.116,3.28935E-11,2.49093E-11,12
0,0.11625,1.16933E-10,6.65622E-11,16
0,0.1165,8.24212E-11,5.92353E-11,13
0,0.11675,8.24212E-11,5.92353E-11,13
0,0.117,7.85262E-11,5.91757E-11,10
0,0.11725,7.8499E-11,5.91757E-11,10
0,0.1175,5.39631E-11,5.39021E-11,6
0,0.11775,2.58776E-15,2.14438E-15,4
0,0.118,8.32463E-12,8.32194E-12,7
0,0.11825,8.32463E-12,8.32194E-12,7
0,0.1185,8.48974E-12,8.32361E-12,8
0,0.11875,8.63248E-12,8.32484E-12,8
0,0.119,8.98085E-12,8.33212E-12,9
0,0.11925,6.67013E-13,4.11873E-13,10
0,0.1195,3.18536E-13,2.19722E-13,7
0,0.11975,5.59336E-13,3.25977E-13,8
0,0.12,7.40514E-13,4.46947E-13,7
0,0.12025,5.98184E-13,4.23544E-13,7
0,0.1205,2.49811E-13,2.40889E-13,6
0,0.12075,2.46058E-13,2.4085E-13,4
0,0.121,2.14207E-11,2.1176E-11,5
0,0.12125,2.12172E-11,2.11747E-11,6
0,0.1215,2.12172E-11,2.11747E-11,6
0,0.12175,2.12847E-11,2.11748E-11,6
0,0.122,2.12847E-11,2.11748E-11,6
0,0.12225,2.13039E-11,2.11748E-11,7
0,0.1225,4.91805E-12,4.78945E-12,7
0,0.12275,5.04796E-12,4.79079E-12,8
0,0.123,4.37853E-12,4.08754E-12,10
0,0.12325,4.31065E-12,4.08698E-12,9
0,0.1235,4.31065E-12,4.08698E-12,9
0,0.12375,9.07531E-12,6.29561E-12,8
0,0.124,5.26628E-12,4.19813E-12,10
0,0.12425,6.25301E-12,4.35137E-12,9
0,0.1245,2.32059E-12,1.51025E-12,7
0,0.12475,2.34386E-12,1.51043E-12,8
0,0.125,2.38131E-12,1.51089E-12,9
0,0.12525,2.5493E-12,1.5202E-12,11
0,0.1255,1.56955E-12,1.17877E-12,8
0,0.12575,4.15629E-13,2.55125E-13,6
0,0.126,3.18035E-13,1.9527E-13,6
0,0.12625,2.96557E-13,1.93887E-13,6
0,0.1265,2.98274E-13,1.94226E-13,6
0,0.12675,1.30286E-13,9.75458E-14,5
0,0.127,1.30286E-13,9.75458E-14,5
0,0.12725,1.30764E-13,9.7547E-14,6
0,0.1275,4.14584E-14,3.92092E-14,6
0,0.12775,3.96602E-14,3.91679E-14,5
0,0.128,4.95185E-16,4.77595E-16,4
0,0.12825,1.49638E-17,1.49638E-17,2
0,0.1285,1.85207E-17,1.53807E-17,3
0,0.12875,3.55689E-18,3.55689E-18,2
0,0.129,0,0,1
0,0.12925,0,0,1
0,0.1295,3.55689E-18,3.55689E-18,2
0,0.12975,6.25152E-15,6.15549E-15,4
0,0.13,6.24796E-15,6.15549E-15,3
0,0.13025,7.63448E-15,6.30968E-15,5
0,0.1305,1.83469E-14,1.22051E-14,7
0,0.13075,2.19729E-14,1.27323E-14,9
0,0.131,1.32043E-13,1.12489E-13,10
0,0.13125,1.21505E-13,1.12003E-13,8
0,0.1315,1.21505E-13,1.12003E-13,8
0,0.13175,2.91219E-13,2.04493E-13,7
0,0.132,1.79101E-13,1.71194E-13,5
0,0.13225,1.75475E-13,1.71156E-13,3
0,0.1325,1.06862E-14,1.06365E-14,3
0,0.13275,5.97491E-13,5.86901E-13,4
0,0.133,5.97491E-13,5.86901E-13,4
0,0.13325,2.01098E-14,1.42104E-14,4
0,0.1335,2.01098E-14,1.42104E-14,4
0,0.13375,2.01098E-14,1.42104E-14,4
0,0.134,9.42354E-15,9.42354E-15,2
0,0.13425,9.42354E-15,9.42354E-15,2
0,0.1345,9.71742E-15,9.42812E-15,3
0,0.13475,1.52566E-13,1.52272E-13,3
0,0.135,1.52566E-13,1.52272E-13,3
0,0.13525,1.52566E-13,1.52272E-13,3
0,0.1355,1.52566E-13,1.52272E-13,3
0,0.13575,1.34121E-13,1.33828E-13,3
0,0.136,1.33864E-13,1.33828E-13,4
0,0.13625,3.66279E-17,2.85264E-17,3
0,0.1365,1.79004E-14,1.78638E-14,4
0,0.13675,2.02413E-14,1.80165E-14,5
0,0.137,2.02424E-14,1.80165E-14,6
0,0.13725,2.37863E-15,2.34108E-15,5
0,0.1375,2.342E-15,2.34091E-15,3
0,0.13775,2.342E-15,2.34091E-15,3
0,0.138,1.09284E-18,1.09284E-18,2
0,0.13825,0,0,1
0,0.1385,0,0,0
0,0.13875,0,0,1
0,0.139,6.77121E-18,6.77121E-18,2
0,0.13925,7.30545E-13,6.35717E-13,4
0,0.1395,7.30545E-13,6.35717E-13,4
0,0.13975,7.30545E-13,6.35717E-13,4
0,0.14,7.30545E-13,6.35717E-13,4
0,0.14025,1.0327E-13,1.03263E-13,3
0,0.1405,3.5954E-12,3.37378E-12,5
0,0.14075,1.23251E-13,1.21984E-13,5
0,0.141,1.23861E-13,1.21986E-13,6
0,0.14125,1.23861E-13,1.21986E-13,6
0,0.1415,1.23861E-13,1.21986E-13,6
0,0.14175,1.23861E-13,1.21986E-13,6
0,0.142,1.10888E-15,7.84127E-16,3
0,0.14225,6.09341E-16,6.09341E-16,2
0,0.1425,0,0,1
0,0.14275,5.15106E-16,5.15106E-16,2
0,0.143,5.16873E-16,5.15109E-16,3
0,0.14325,5.16873E-16,5.15109E-16,3
0,0.1435,7.12984E-16,5.51176E-16,4
0,0.14375,1.97877E-16,1.96118E-16,3
0,0.144,1.97877E-16,1.96118E-16,3
0,0.14425,3.90837E-17,3.73584E-17,3
0,0.1445,2.04213E-14,1.70448E-14,5
0,0.14475,1.11804E-13,9.29586E-14,6
0,0.145,1.11608E-13,9.29584E-14,5
0,0.14525,2.08151E-13,1.34004E-13,7
0,0.1455,2.08151E-13,1.34004E-13,7
0,0.14575,2.08223E-13,1.34004E-13,7
0,0.146,9.15159E-14,9.13829E-14,4
0,0.14625,1.33043E-16,1.12247E-16,3
0,0.1465,1.33043E-16,1.12247E-16,3
0,0.14675,0,0,1
0,0.147,1.09818E-16,1.09818E-16,2
0,0.14725,0,0,1
0,0.1475,0,0,1
0,0.14775,0,0,1
0,0.148,0,0,1
0,0.14825,3.0917E-16,3.0917E-16,2
0,0.1485,0,0,1
0,0.14875,0,0,1
0,0.149,1.065E-15,1.065E-15,2
0,0.14925,1.06501E-15,1.065E-15,3
0,0.1495,1.06501E-15,1.065E-15,3
0,0.14975,1.32431E-20,-NAN,2
0,0.15,1.15524E-15,1.15522E-15,3
0,0.15025,1.15524E-15,1.15522E-15,3
0,0.1505,1.32431E-20,1.32431E-20,2
0,0.15075,0,0,1
0,0.151,4.01052E-14,3.8901E-14,4
0,0.15125,4.03816E-14,3.8902E-14,5
0,0.1515,3.92264E-14,3.88849E-14,4
0,0.15175,3.92264E-14,3.88849E-14,4
0,0.152,3.92382E-14,3.88849E-14,5
0,0.15225,3.92382E-14,3.88849E-14,5
0,0.1525,1.17957E-17,1.17957E-17,2
0,0.15275,5.14923E-19,5.14923E-19,2
0,0.153,1.95931E-14,1.93923E-14,5
0,0.15325,1.95931E-14,1.93923E-14,5
0,0.1535,2.60949E-14,2.04569E-14,5
0,0.15375,2.60949E-14,2.04569E-14,6
0,0.154,2.60949E-14,2.04569E-14,6
0,0.15425,2.75167E-14,2.05041E-14,7
0,0.1545,1.42229E-15,1.39051E-15,4
0,0.15475,1.42229E-15,1.39051E-15,4
0,0.155,3.21562E-17,3.21256E-17,3
0,0.15525,1.42226E-15,1.39051E-15,3
0,0.1555,1.42226E-15,1.39051E-15,3
0,0.15575,7.31466E-13,7.31466E-13,2
0,0.156,7.31466E-13,7.31466E-13,2
0,0.15625,7.31716E-13,7.31466E-13,4
0,0.1565,7.31716E-13,7.31466E-13,4
0,0.15675,2.50271E-16,2.02459E-16,3
0,0.157,2.50271E-16,2.02459E-16,3
0,0.15725,5.55935E-17,5.55935E-17,2
0,0.1575,5.55935E-17,5.55935E-17,2
0,0.15775,1.34918E-17,1.34918E-17,2
0,0.158,1.34918E-17,1.34918E-17,2
0,0.15825,1.34918E-17,1.34918E-17,2
0,0.1585,9.08162E-16,8.94772E-16,3
0,0.15875,9.08162E-16,8.94772E-16,3
0,0.159,9.08162E-16,8.94772E-16,3
0,0.15925,1.67599E-14,1.54702E-14,4
0,0.1595,1.67599E-14,1.54702E-14,4
0,0.15975,1.67884E-14,1.54702E-14,5
0,0.16,1.37588E-15,1.33515E-15,4
0,0.16025,1.37588E-15,1.33515E-15,4
0,0.1605,1.52957E-14,1.39837E-14,5
0,0.16075,1.39483E-14,1.39198E-14,3
0,0.161,1.39483E-14,1.39198E-14,3
0,0.16125,2.1447E-14,1.58246E-14,3
0,0.1615,2.1447E-14,1.58246E-14,3
0,0.16175,7.2211E-14,5.31731E-14,4
0,0.162,1.76013E-13,1.28421E-13,4
0,0.16225,1.29831E-13,8.8043E-14,4
0,0.1625,1.29831E-13,8.8043E-14,4
0,0.16275,1.22304E-13,8.77207E-14,3
0,0.163,1.43135E-13,8.89602E-14,5
0,0.16325,9.23714E-14,7.30549E-14,4
0,0.1635,2.08311E-14,1.48002E-14,3
0,0.16375,2.75924E-14,1.62713E-14,4
0,0.164,2.78509E-14,1.62734E-14,5
0,0.16425,2.78509E-14,1.62734E-14,5
0,0.1645,7.63661E-14,6.96756E-14,4
0,0.16475,7.63661E-14,6.96756E-14,4
0,0.165,7.63661E-14,6.96756E-14,4
0,0.16525,6.05177E-14,6.02597E-14,3
0,0.1655,1.28906E-13,7.96258E-14,4
0,0.16575,1.28906E-13,7.96258E-14,4
0,0.166,6.86467E-14,5.20498E-14,4
0,0.16625,6.86467E-14,5.20498E-14,4
0,0.1665,6.86467E-14,5.20498E-14,4
0,0.16675,2.10373E-14,2.1037E-14,3
0,0.167,0,0,1
0,0.16725,0,0,1
0,0.1675,0,0,0
0,0.16775,0,0,0
0,0.168,0,0,0
0,0.16825,0,0,0
0,0.1685,0,0,1
0,0.16875,0,0,1
0,0.169,0,0,1
0,0.16925,0,0,1
0,0.1695,0,0,1
0,0.16975,0,0,1
0,0.17,0,0,0
0,0.17025,0,0,0
0,0.1705,0,0,0
0,0.17075,0,0,0
0,0.171,0,0,0
0,0.17125,0,0,0
0,0.1715,0,0,0
0,0.17175,0,0,0
0,0.172,0,0,1
0,0.17225,0,0,1
0,0.1725,0,0,1
0,0.17275,0,0,1
0,0.173,0,0,1
0,0.17325,5.36127E-18,5.36071E-18,2
0,0.1735,1.10087E-12,1.10087E-12,4
0,0.17375,1.10087E-12,1.10087E-12,5
0,0.174,1.10087E-12,1.10087E-12,5
0,0.17425,1.10087E-12,1.10087E-12,5
0,0.1745,1.10189E-12,1.10087E-12,6
0,0.17475,1.56224E-12,1.19313E-12,7
0,0.175,1.3097E-15,1.05941E-15,4
0,0.17525,4.61379E-13,4.6007E-13,4
0,0.1755,4.61726E-13,4.6007E-13,5
0,0.17575,4.62961E-13,4.60072E-13,6
0,0.176,6.43953E-13,4.94764E-13,6
0,0.17625,1.84468E-13,1.82018E-13,5
0,0.1765,1.84468E-13,1.82018E-13,5
0,0.17675,2.45643E-15,1.55209E-15,4
0,0.177,2.10854E-15,1.51261E-15,3
0,0.17725,8.73967E-16,8.73967E-16,2
0,0.1775,0,0,1
0,0.17775,0,0,0
0,0.178,0,0,1
0,0.17825,2.01639E-19,2.01639E-19,2
0,0.1785,2.01639E-19,2.01639E-19,2
0,0.17875,5.75226E-14,5.75224E-14,3
0,0.179,5.75226E-14,5.75224E-14,3
0,0.17925,5.75226E-14,5.75224E-14,3
0,0.1795,5.75224E-14,5.75224E-14,2
0,0.17975,0,0,1
0,0.18,6.33595E-14,5.78178E-14,3
0,0.18025,6.53257E-15,5.87837E-15,3
0,0.1805,6.53257E-15,5.87837E-15,3
0,0.18075,6.53257E-15,5.87837E-15,3
0,0.181,8.82284E-15,6.30875E-15,4
0,0.18125,8.82284E-15,6.30875E-15,4
0,0.1815,6.95481E-16,6.95481E-16,2
0,0.18175,2.29027E-15,2.29027E-15,2
0,0.182,2.29027E-15,2.29027E-15,2
0,0.18225,2.29027E-15,2.29027E-15,2
0,0.1825,4.68543E-17,4.68543E-17,2
0,0.18275,4.68543E-17,4.68543E-17,2
0,0.183,4.68557E-17,4.68543E-17,3
0,0.18325,1.43271E-21,1.43271E-21,2
0,0.1835,1.43271E-21,1.43271E-21,2
0,0.18375,1.43271E-21,1.43271E-21,2
0,0.184,0,0,1
0,0.18425,0,0,1
0,0.1845,0,0,0
0,0.18475,0,0,0
0,0.185,0,0,0
0,0.18525,0,0,1
0,0.1855,0,0,1
0,0.18575,0,0,1
0,0.186,0,0,1
0,0.18625,0,0,1
0,0.1865,1.3777E-15,1.3777E-15,2
0,0.18675,0,0,1
0,0.187,0,0,1
0,0.18725,1.18065E-13,1.18065E-13,2
0,0.1875,1.18065E-13,1.18065E-13,2
0,0.18775,1.18065E-13,1.18065E-13,2
0,0.188,0,0,1
0,0.18825,0,0,1
0,0.1885,0,0,1
0,0.18875,0,0,0
0,0.189,0,0,0
0,0.18925,0,0,0
0,0.1895,0,0,0
0,0,0,0,0
0,0.00025,0,0,0
0,0.0005,0,0,0
0,0.00075,0,0,0
0,0.001,0,0,0
0,0.00125,0,0,0
0,0.0015,0,0,0
0,0.00175,0,0,0
0,0.002,0,0,0
0,0.00225,0,0,0
0,0.0025,0,0,0
0,0.00275,0,0,0
0,0.003,0,0,0
0,0.00325,0,0,0
0,0.0035,0,0,0
0,0.00375,0,0,0
0,0.004,0,0,0
0,0.00425,0,0,0
0,0.0045,0,0,0
0,0.00475,0,0,0
0,0.005,0,0,0
0,0.00525,0,0,0
0,0.0055,0,0,0
0,0.00575,0,0,0
0,0.006,0,0,0
0,0.00625,0,0,0
0,0.0065,0,0,0
0,0.00675,0,0,0
0,0.007,0,0,0
0,0.00725,0,0,0
0,0.0075,0,0,0
0,0.00775,0,0,0
0,0.008,0,0,0
0,0.00825,0,0,0
0,0.0085,0,0,0
0,0.00875,0,0,0
0,0.009,0,0,0
0,0.00925,0,0,0
0,0.0095,0,0,1
0,0.00975,0,0,1
0,0.01,2.54448E-10,2.54448E-10,2
0,0.01025,2.54448E-10,2.54448E-10,2
0,0.0105,3.3467E-09,3.1027E-09,3
0,0.01075,5.04665E-09,3.53786E-09,4
0,0.011,4.79221E-09,3.5287E-09,3
0,0.01125,1.41152E-08,9.96836E-09,4
0,0.0115,4.79221E-09,3.5287E-09,3
0,0.01175,4.96186E-09,3.53278E-09,4
0,0.012,1.87803E-09,1.70842E-09,4
0,0.01225,9.10303E-09,5.12262E-09,8
0,0.0125,9.10303E-09,5.12262E-09,8
0,0.01275,9.20616E-09,5.12317E-09,10
0,0.013,9.20616E-09,5.12317E-09,10
0,0.01325,9.03651E-09,5.12036E-09,9
0,0.0135,1.09124E-08,5.45344E-09,10
0,0.01375,1.98749E-09,1.87828E-09,5
0,0.014,2.97654E-09,2.00717E-09,7
0,0.01425,1.28558E-09,7.49787E-10,6
0,0.0145,2.27548E-09,1.2418E-09,7
0,0.01475,3.40753E-09,1.56695E-09,9
0,0.015,2.41705E-09,1.21469E-09,8
0,0.01525,2.41705E-09,1.21469E-09,8
0,0.0155,2.00964E-09,1.07612E-09,8
0,0.01575,3.77836E-09,1.6307E-09,10
0,0.016,4.59488E-09,1.9672E-09,12
0,0.01625,3.91936E-09,1.77179E-09,12
0,0.0165,7.31216E-09,2.98633E-09,13
0,0.01675,7.32512E-09,2.98634E-09,15
0,0.017,8.34023E-09,3.35501E-09,15
0,0.01725,8.14281E-09,3.31222E-09,16
0,0.0175,8.72279E-09,3.80368E-09,15
0,0.01775,1.0035E-08,4.08573E-09,17
0,0.018,7.13095E-09,3.33299E-09,20
0,0.01825,1.10152E-08,4.25966E-09,22
0,0.0185,1.07679E-08,4.02658E-09,25
0,0.01875,1.22431E-08,4.03493E-09,29
0,0.019,1.24701E-08,3.85676E-09,31
0,0.01925,1.32629E-08,4.0811E-09,31
0,0.0195,1.36044E-08,4.13007E-09,30
0,0.01975,1.16104E-08,3.60374E-09,29
0,0.02,1.06337E-08,3.53492E-09,27
0,0.02025,1.03127E-08,3.69852E-09,28
0,0.0205,1.08683E-08,4.1387E-09,32
0,0.02075,9.63057E-09,3.46379E-09,32
0,0.021,1.0964E-08,3.5214E-09,37
0,0.02125,1.39724E-08,4.94252E-09,38
0,0.0215,1.5014E-08,4.98316E-09,42
0,0.02175,1.09349E-08,3.37547E-09,35
0,0.022,1.28208E-08,2.99161E-09,37
0,0.02225,1.24741E-08,2.89148E-09,40
0,0.0225,1.171E-08,2.81603E-09,37
0,0.02275,1.12111E-08,2.6848E-09,47
0,0.023,1.16235E-08,2.80063E-09,48
0,0.02325,1.16177E-08,2.72521E-09,54
0,0.0235,8.91827E-09,2.28057E-09,52
0,0.02375,1.08449E-08,2.54528E-09,57
0,0.024,1.49952E-08,3.55403E-09,61
0,0.02425,1.73535E-08,4.3792E-09,53
0,0.0245,1.7649E-08,4.58165E-09,56
0,0.02475,2.1071E-08,5.16922E-09,54
0,0.025,2.13525E-08,4.98524E-09,53
0,0.02525,1.81962E-08,4.7753E-09,46
0,0.0255,1.48503E-08,4.1173E-09,48
0,0.02575,1.28087E-08,3.38764E-09,53
0,0.026,1.34387E-08,3.37053E-09,50
0,0.02625,1.10779E-08,2.63993E-09,53
0,0.0265,1.0082E-08,2.46611E-09,55
0,0.02675,1.02908E-08,2.45853E-09,64
0,0.027,1.27677E-08,4.21996E-09,65
0,0.02725,1.39421E-08,4.52293E-09,59
0,0.0275,1.37984E-08,4.48451E-09,66
0,0.02775,1.71963E-08,4.94972E-09,64
0,0.028,1.58928E-08,3.84525E-09,70
0,0.02825,1.74761E-08,3.98951E-09,64
0,0.0285,1.7738E-08,4.0777E-09,60
0,0.02875,1.6435E-08,3.90482E-09,63
0,0.029,1.43069E-08,3.58119E-09,60
0,0.02925,1.28664E-08,3.61913E-09,66
0,0.0295,1.3515E-08,3.78284E-09,64
0,0.02975,1.34232E-08,3.90493E-09,66
0,0.03,1.07708E-08,3.16498E-09,71
0,0.03025,1.11007E-08,3.02334E-09,76
0,0.0305,1.51936E-08,4.17436E-09,82
0,0.03075,1.36604E-08,3.7248E-09,76
0,0.031,1.12998E-08,3.18106E-09,73
0,0.03125,1.14322E-08,3.00935E-09,74
0,0.0315,1.26783E-08,3.21887E-09,71
0,0.03175,1.27318E-08,3.34559E-09,67
0,0.032,9.31873E-09,2.22483E-09,62
0,0.03225,8.57806E-09,1.92448E-09,67
0,0.0325,7.45919E-09,1.83872E-09,63
0,0.03275,7.01985E-09,1.98164E-09,66
0,0.033,5.21811E-09,1.56718E-09,67
0,0.03325,4.67388E-09,1.3614E-09,63
0,0.0335,6.38462E-09,2.11573E-09,58
0,0.03375,6.10021E-09,2.143E-09,56
0,0.034,6.14452E-09,2.14517E-09,56
0,0.03425,4.81044E-09,1.60871E-09,49
0,0.0345,5.12949E-09,1.64679E-09,45
0,0.03475,4.83465E-09,1.38732E-09,51
0,0.035,3.87276E-09,1.0018E-09,49
0,0.03525,4.61603E-09,1.15334E-09,50
0,0.0355,5.64027E-09,1.38041E-09,54
0,0.03575,6.43854E-09,1.59704E-09,52
0,0.036,6.01932E-09,1.53982E-09,52
0,0.03625,7.25376E-09,1.88955E-09,50
0,0.0365,7.34611E-09,1.88797E-09,50
0,0.03675,5.79284E-09,1.6521E-09,47
0,0.037,4.77147E-09,1.38227E-09,44
0,0.03725,3.45989E-09,1.07848E-09,43
0,0.0375,5.17928E-09,1.62144E-09,45
0,0.03775,2.53567E-09,7.85811E-10,39
0,0.038,1.81694E-09,6.33627E-10,40
0,0.03825,1.72665E-09,6.22397E-10,39
0,0.0385,1.49655E-09,5.64658E-10,39
0,0.03875,1.60402E-09,5.71838E-10,41
0,0.039,8.51349E-10,2.29436E-10,44
0,0.03925,1.33893E-09,3.47425E-10,48
0,0.0395,1.75812E-09,4.91754E-10,49
0,0.03975,1.88691E-09,5.221E-10,49
0,0.04,1.70643E-09,5.04048E-10,47
0,0.04025,2.58842E-09,8.73685E-10,46
0,0.0405,3.30588E-09,9.86872E-10,42
0,0.04075,3.37735E-09,1.07628E-09,44
0,0.041,3.21696E-09,9.76721E-10,46
0,0.04125,3.59554E-09,1.08197E-09,47
0,0.0415,3.85096E-09,1.08938E-09,52
0,0.04175,3.04624E-09,8.33585E-10,55
0,0.042,2.33013E-09,7.22204E-10,51
0,0.04225,2.23893E-09,6.29255E-10,50
0,0.0425,2.26641E-09,7.24119E-10,48
0,0.04275,2.07681E-09,5.80937E-10,50
0,0.043,2.29362E-09,6.1355E-10,49
0,0.04325,2.15235E-09,6.05118E-10,48
0,0.0435,2.68276E-09,9.55323E-10,48
0,0.04375,2.68614E-09,9.87676E-10,47
0,0.044,3.07788E-09,1.43673E-09,43
0,0.04425,2.77305E-09,1.41821E-09,40
0,0.0445,6.45206E-09,3.13498E-09,41
0,0.04475,6.49226E-09,3.13552E-09,38
0,0.045,1.2633E-08,7.06317E-09,42
0,0.04525,1.2651E-08,7.06254E-09,43
0,0.0455,1.02296E-08,6.56679E-09,48
0,0.04575,1.05218E-08,6.57631E-09,53
0,0.046,3.13256E-09,1.07242E-09,53
0,0.04625,3.21392E-09,1.07333E-09,57
0,0.0465,1.81563E-09,5.77518E-10,51
0,0.04675,1.65718E-09,5.13153E-10,52
0,0.047,1.57503E-09,5.04089E-10,48
0,0.04725,1.56449E-09,5.13063E-10,39
0,0.0475,1.85251E-09,7.82261E-10,38
0,0.04775,1.84105E-09,7.833E-10,39
0,0.048,2.16445E-09,8.34076E-10,42
0,0.04825,1.91467E-09,7.80579E-10,50
0,0.0485,1.91839E-09,7.82359E-10,57
0,0.04875,1.16761E-09,3.69526E-10,57
0,0.049,8.12839E-10,2.23682E-10,54
0,0.04925,1.01458E-09,2.8279E-10,59
0,0.0495,8.25294E-10,2.26463E-10,58
0,0.04975,1.22247E-09,4.39913E-10,48
0,0.05,1.13841E-09,4.30496E-10,43
0,0.05025,1.44513E-09,4.85311E-10,49
0,0.0505,3.07084E-09,1.1888E-09,53
0,0.05075,2.74872E-09,1.17267E-09,47
0,0.051,2.84876E-09,1.17581E-09,54
0,0.05125,2.49038E-09,9.28878E-10,57
0,0.0515,3.09257E-09,1.00303E-09,58
0,0.05175,3.03803E-09,1.00419E-09,54
0,0.052,1.71469E-09,5.47548E-10,44
0,0.05225,2.14022E-09,6.51309E-10,46
0,0.0525,2.27322E-09,6.73742E-10,39
0,0.05275,2.19224E-09,7.47453E-10,38
0,0.053,1.56676E-09,6.4377E-10,38
0,0.05325,1.33305E-09,6.02041E-10,36
0,0.0535,3.74537E-09,1.16854E-09,54
0,0.05375,3.42824E-09,1.07915E-09,54
0,0.054,3.88328E-09,1.1648E-09,57
0,0.05425,3.24782E-09,9.51695E-10,55
0,0.0545,3.69621E-09,1.03951E-09,56
0,0.05475,3.94376E-09,1.05615E-09,63
0,0.055,2.36569E-09,7.58363E-10,53
0,0.05525,2.3235E-09,7.41121E-10,47
0,0.0555,1.71444E-09,5.76291E-10,45
0,0.05575,2.06965E-09,7.29439E-10,44
0,0.056,2.16682E-09,7.17742E-10,44
0,0.05625,1.98851E-09,6.95568E-10,42
0,0.0565,1.82779E-09,5.83453E-10,45
0,0.05675,1.59304E-09,5.23235E-10,46
0,0.057,1.82483E-09,5.73818E-10,46
0,0.05725,1.49662E-09,4.64491E-10,46
0,0.0575,1.22937E-09,3.58683E-10,45
0,0.05775,1.3046E-09,3.87747E-10,43
0,0.058,1.03155E-09,2.90282E-10,41
0,0.05825,9.64868E-10,2.87225E-10,41
0,0.0585,1.08387E-09,3.1216E-10,44
0,0.05875,1.39028E-09,4.07208E-10,47
0,0.059,1.44511E-09,4.70362E-10,45
0,0.05925,1.30249E-09,4.42422E-10,49
0,0.0595,1.15661E-09,4.33442E-10,45
0,0.05975,1.68022E-09,6.69783E-10,45
0,0.06,1.34277E-09,6.25357E-10,45
0,0.06025,1.3762E-09,6.64101E-10,43
0,0.0605,1.58291E-09,6.33226E-10,46
0,0.06075,1.74552E-09,6.43947E-10,47
0,0.061,1.85124E-09,6.48206E-10,50
0,0.06125,1.4704E-09,4.84343E-10,51
0,0.0615,1.78985E-09,5.44715E-10,48
0,0.06175,1.37066E-09,3.8472E-10,47
0,0.062,1.1248E-09,3.39143E-10,47
0,0.06225,1.10671E-09,3.80036E-10,39
0,0.0625,1.91016E-09,7.08701E-10,40
0,0.06275,1.87897E-09,7.07981E-10,39
0,0.063,1.72553E-09,6.79304E-10,40
0,0.06325,1.93744E-09,7.18972E-10,43
0,0.0635,1.60932E-09,6.21029E-10,41
0,0.06375,1.39888E-09,5.8353E-10,39
0,0.064,1.06803E-09,3.58754E-10,40
0,0.06425,1.34234E-09,4.48015E-10,43
0,0.0645,1.50116E-09,4.74802E-10,48
0,0.06475,1.29764E-09,4.10401E-10,45
0,0.065,1.76937E-09,6.34504E-10,48
0,0.06525,1.81187E-09,6.35268E-10,55
0,0.0655,2.24095E-09,1.09305E-09,52
0,0.06575,1.93193E-09,1.05934E-09,45
0,0.066,2.08747E-09,1.10461E-09,41
0,0.06625,1.93613E-09,1.09623E-09,41
0,0.0665,1.0593E-09,4.30804E-10,39
0,0.06675,1.01369E-09,4.29655E-10,31
0,0.067,9.46501E-10,3.52301E-10,35
0,0.06725,1.41361E-09,5.05977E-10,41
0,0.0675,8.74442E-10,3.22441E-10,41
0,0.06775,1.35324E-09,6.1193E-10,36
0,0.068,1.16998E-09,5.98554E-10,32
0,0.06825,1.38889E-09,6.34922E-10,35
0,0.0685,1.23484E-09,6.10173E-10,33
0,0.06875,7.40699E-10,3.19075E-10,37
0,0.069,8.83852E-10,3.59176E-10,38
0,0.06925,8.75718E-10,3.38213E-10,45
0,0.0695,9.09249E-10,3.38566E-10,52
0,0.06975,9.10636E-10,3.00741E-10,61
0,0.07,7.16935E-10,2.39768E-10,53
0,0.07025,7.51617E-10,2.66951E-10,48
0,0.0705,5.76364E-10,2.09169E-10,45
0,0.07075,6.57163E-10,2.32282E-10,43
0,0.071,7.34055E-10,2.42962E-10,38
0,0.07125,5.66493E-10,2.00438E-10,30
0,0.0715,5.73685E-10,1.95073E-10,36
0,0.07175,4.3473E-10,1.42538E-10,40
0,0.072,6.32688E-10,2.45442E-10,45
0,0.07225,4.06387E-10,1.16722E-10,44
0,0.0725,8.89158E-10,6.23758E-10,41
0,0.07275,8.40444E-10,6.22335E-10,45
0,0.073,8.29283E-10,6.22987E-10,42
0,0.07325,8.18402E-10,6.22941E-10,38
0,0.0735,1.71673E-10,7.95033E-11,32
0,0.07375,9.01674E-11,4.60068E-11,32
0,0.074,5.20168E-11,1.96782E-11,33
0,0.07425,1.67524E-10,9.34542E-11,30
0,0.0745,1.49122E-10,8.57739E-11,34
0,0.07475,1.92083E-10,9.59665E-11,34
0,0.075,2.68283E-10,1.07724E-10,33
0,0.07525,4.4596E-10,2.04898E-10,41
0,0.0755,5.41755E-10,2.22509E-10,45
0,0.07575,3.08851E-10,1.14336E-10,45
0,0.076,3.03257E-10,1.13962E-10,46
0,0.07625,4.51741E-10,2.06232E-10,43
0,0.0765,4.05672E-10,2.01907E-10,47
0,0.07675,2.66326E-10,1.07048E-10,38
0,0.077,4.16421E-10,2.24087E-10,36
0,0.07725,3.9876E-10,2.22801E-10,36
0,0.0775,4.24013E-10,2.25345E-10,31
0,0.07775,1.8284E-10,6.08287E-11,34
0,0.078,5.55629E-10,2.96809E-10,33
0,0.07825,5.37022E-10,2.95398E-10,34
0,0.0785,5.12986E-10,2.94914E-10,36
0,0.07875,5.70941E-10,2.9786E-10,41
0,0.079,6.21155E-10,3.01439E-10,45
0,0.07925,7.19742E-10,3.09587E-10,43
0,0.0795,3.72293E-10,1.10777E-10,44
0,0.07975,4.47245E-10,1.23113E-10,46
0,0.08,4.89411E-10,1.26694E-10,48
0,0.08025,4.33205E-10,1.19548E-10,44
0,0.0805,3.62564E-10,1.06129E-10,44
0,0.08075,2.53408E-10,7.889E-11,43
0,0.081,3.25195E-10,1.30818E-10,41
0,0.08125,2.70628E-10,1.24644E-10,41
0,0.0815,2.50487E-10,1.00665E-10,36
0,0.08175,3.84431E-10,1.37879E-10,39
0,0.082,3.59596E-10,1.35706E-10,33
0,0.08225,4.64178E-10,1.49011E-10,37
0,0.0825,3.88928E-10,1.24678E-10,38
0,0.08275,5.1119E-10,1.54004E-10,40
0,0.083,1.4267E-09,8.6568E-10,48
0,0.08325,1.93302E-09,1.07591E-09,43
0,0.0835,2.11945E-09,1.09062E-09,48
0,0.08375,2.87089E-09,1.24992E-09,51
0,0.084,3.68732E-09,1.50587E-09,48
0,0.08425,3.53991E-09,1.50273E-09,43
0,0.0845,1.77553E-09,9.09614E-10,37
0,0.08475,1.28914E-09,6.48745E-10,42
0,0.085,1.15065E-09,6.25582E-10,39
0,0.08525,3.00955E-10,1.21312E-10,34
0,0.0855,4.80411E-10,1.77151E-10,39
0,0.08575,6.17559E-10,2.12472E-10,45
0,0.086,5.7664E-10,2.09418E-10,45
0,0.08625,4.35011E-10,1.83088E-10,42
0,0.0865,4.53937E-10,1.87506E-10,44
0,0.08675,4.52526E-10,1.87469E-10,44
0,0.087,1.54528E-10,7.04131E-11,40
0,0.08725,7.91446E-11,2.59315E-11,37
0,0.0875,1.23188E-10,4.76089E-11,38
0,0.08775,1.70291E-10,7.77634E-11,37
0,0.088,1.02483E-10,4.52238E-11,37
0,0.08825,1.79529E-10,9.04136E-11,35
0,0.0885,2.72759E-10,1.24717E-10,34
0,0.08875,2.6748E-10,1.24607E-10,34
0,0.089,3.13215E-10,1.28685E-10,35
0,0.08925,2.48532E-10,9.76809E-11,36
0,0.0895,4.12978E-10,1.54548E-10,36
0,0.08975,3.32379E-10,1.33232E-10,37
0,0.09,2.38799E-10,7.67915E-11,37
0,0.09025,2.18966E-10,7.53087E-11,35
0,0.0905,1.17276E-10,5.39702E-11,30
0,0.09075,4.04417E-10,3.13519E-10,26
0,0.091,3.78531E-10,3.1204E-10,30
0,0.09125,4.07221E-10,3.12721E-10,33
0,0.0915,5.87937E-10,3.34704E-10,39
0,0.09175,7.24307E-10,3.54021E-10,40
0,0.092,7.29665E-10,3.54046E-10,45
0,0.09225,4.27972E-10,1.72414E-10,50
0,0.0925,3.36939E-10,1.37074E-10,44
0,0.09275,4.33048E-10,1.48192E-10,48
0,0.093,2.6763E-10,9.29544E-11,42
0,0.09325,1.95949E-10,7.32655E-11,41
0,0.0935,2.93856E-10,1.03655E-10,38
0,0.09375,5.21245E-10,1.60433E-10,42
0,0.094,4.84392E-10,1.51247E-10,44
0,0.09425,4.83742E-10,1.64531E-10,39
0,0.0945,4.68274E-10,1.60202E-10,43
0,0.09475,4.94048E-10,1.62885E-10,44
0,0.095,3.65465E-10,1.31285E-10,45
0,0.09525,1.48144E-10,6.9513E-11,37
0,0.0955,1.99632E-10,9.50042E-11,36
0,0.09575,7.92744E-11,3.52304E-11,35
0,0.096,5.20098E-11,3.12463E-11,33
0,0.09625,7.63092E-11,4.63778E-11,32
0,0.0965,1.66862E-10,8.04977E-11,35
0,0.09675,1.64363E-10,8.04105E-11,33
0,0.097,1.41993E-10,7.07763E-11,32
0,0.09725,1.88729E-10,8.16534E-11,33
0,0.0975,2.40886E-10,8.8915E-11,38
0,0.09775,2.15538E-10,8.16312E-11,37
0,0.098,1.43016E-10,5.97058E-11,32
0,0.09825,1.91719E-10,7.00079E-11,34
0,0.0985,1.96265E-10,7.1644E-11,34
0,0.09875,2.38813E-10,1.06459E-10,35
0,0.099,2.15129E-10,1.02504E-10,29
0,0.09925,1.99654E-10,9.86464E-11,34
0,0.0995,5.55055E-10,2.70937E-10,34
0,0.09975,5.19569E-10,2.68674E-10,35
0,0.1,6.44136E-10,3.60318E-10,35
0,0.10025,5.76743E-10,3.49708E-10,36
0,0.1005,5.49339E-10,3.4912E-10,35
0,0.10075,5.34391E-10,3.49034E-10,32
0,0.101,8.7506E-11,4.337E-11,32
0,0.10125,7.61374E-11,4.20951E-11,32
0,0.1015,3.87414E-11,1.8853E-11,32
0,0.10175,4.29819E-11,1.93259E-11,29
0,0.102,7.52984E-11,3.40839E-11,31
0,0.10225,1.16866E-10,4.70058E-11,31
0,0.1025,8.39808E-11,3.57585E-11,28
0,0.10275,9.13836E-11,3.65459E-11,30
0,0.103,9.41168E-11,3.67127E-11,32
0,0.10325,6.36994E-11,3.15598E-11,31
0,0.1035,3.00033E-11,1.43801E-11,30
0,0.10375,1.02879E-11,4.42881E-12,25
0,0.104,1.06544E-11,4.45151E-12,26
0,0.10425,7.56182E-12,4.09171E-12,20
0,0.1045,1.87309E-11,1.65804E-11,18
0,0.10475,1.77619E-11,1.65554E-11,16
0,0.105,1.77821E-11,1.65559E-11,14
0,0.10525,1.81192E-11,1.65594E-11,16
0,0.1055,1.74782E-11,1.65507E-11,14
0,0.10575,6.23444E-12,3.76501E-12,17
0,0.106,5.31772E-12,2.80821E-12,16
0,0.10625,9.31683E-12,4.22686E-12,19
0,0.1065,3.21653E-11,2.2554E-11,20
0,0.10675,3.20532E-11,2.25528E-11,19
0,0.107,9.25964E-11,6.44327E-11,22
0,0.10725,8.92449E-11,6.43383E-11,21
0,0.1075,8.68112E-11,6.43147E-11,19
0,0.10775,2.60477E-11,2.22038E-11,16
0,0.108,4.62193E-12,2.04622E-12,18
0,0.10825,8.30629E-12,4.4343E-12,19
0,0.1085,4.55915E-12,2.06412E-12,16
0,0.10875,3.75692E-12,1.92958E-12,15
0,0.109,5.51491E-12,2.36159E-12,17
0,0.10925,5.24845E-12,2.31158E-12,18
0,0.1095,4.1638E-12,1.89798E-12,15
0,0.10975,3.24717E-12,1.42644E-12,15
0,0.11,2.84482E-12,1.36851E-12,15
0,0.11025,3.01457E-12,1.54052E-12,14
0,0.1105,1.25603E-12,7.20604E-13,11
0,0.11075,2.3249E-11,2.22925E-11,9
0,0.111,2.27055E-11,2.22859E-11,7
0,0.11125,2.74567E-11,2.28699E-11,6
0,0.1115,2.79166E-11,2.28743E-11,7
0,0.11175,7.66856E-12,5.40685E-12,8
0,0.112,8.09642E-12,5.41813E-12,10
0,0.11225,2.94494E-12,1.67892E-12,9
0,0.1125,8.73816E-12,4.42681E-12,12
0,0.11275,7.49991E-12,3.52225E-12,13
0,0.113,7.42509E-12,3.51472E-12,13
0,0.11325,8.48526E-12,4.40696E-12,13
0,0.1135,8.11086E-12,4.39338E-12,13
0,0.11375,8.11216E-12,4.39338E-12,14
0,0.114,2.3E-12,1.58855E-12,10
0,0.11425,1.24418E-12,8.00286E-13,11
0,0.1145,1.86755E-12,1.22944E-12,10
0,0.11475,8.5758E-13,7.03278E-13,8
0,0.115,1.81255E-12,1.22836E-12,7
0,0.11525,1.96689E-11,1.78998E-11,7
0,0.1155,1.98667E-11,1.79006E-11,10
0,0.11575,2.05575E-11,1.79491E-11,7
0,0.116,4.50448E-11,3.10042E-11,9
0,0.11625,7.96769E-11,4.41718E-11,12
0,0.1165,6.18708E-11,4.04015E-11,12
0,0.11675,3.07257E-11,2.55062E-11,12
0,0.117,3.05279E-11,2.55056E-11,9
0,0.11725,6.28285E-11,4.04488E-11,11
0,0.1175,3.73328E-11,3.15596E-11,8
0,0.11775,1.45452E-11,1.20988E-11,6
0,0.118,1.58967E-11,1.217E-11,7
0,0.11825,1.57301E-11,1.21685E-11,7
0,0.1185,2.33245E-11,1.39195E-11,9
0,0.11875,9.01897E-12,6.88574E-12,6
0,0.119,2.0868E-11,1.37004E-11,9
0,0.11925,9.03912E-12,6.88576E-12,9
0,0.1195,1.01131E-11,7.19843E-12,10
0,0.11975,1.00916E-11,7.1984E-12,9
0,0.12,2.63167E-11,1.70859E-11,10
0,0.12025,2.63167E-11,1.70859E-11,11
0,0.1205,1.33944E-11,1.11587E-11,9
0,0.12075,2.6323E-11,1.70859E-11,10
0,0.121,2.39018E-11,1.69056E-11,8
0,0.12125,2.39018E-11,1.69056E-11,8
0,0.1215,7.91484E-12,7.83255E-12,9
0,0.12175,7.93618E-12,7.83258E-12,10
0,0.122,7.91492E-12,7.83255E-12,9
0,0.12225,3.69322E-12,3.51412E-12,9
0,0.1225,3.63746E-12,3.51368E-12,8
0,0.12275,3.63746E-12,3.51368E-12,8
0,0.123,1.25095E-13,1.05906E-13,4
0,0.12325,1.71323E-12,1.61246E-12,4
0,0.1235,1.71323E-12,1.61246E-12,4
0,0.12375,1.45792E-11,1.16953E-11,5
0,0.124,1.45792E-11,1.16953E-11,5
0,0.12425,1.45793E-11,1.16953E-11,6
0,0.1245,1.45901E-11,1.16953E-11,7
0,0.12475,1.30518E-11,1.15843E-11,6
0,0.125,1.30996E-11,1.15844E-11,8
0,0.12525,5.87198E-14,4.90331E-14,5
0,0.1255,5.87198E-14,4.90331E-14,5
0,0.12575,6.93592E-14,5.01964E-14,5
0,0.126,5.85858E-14,4.90268E-14,4
0,0.12625,1.77875E-14,1.21788E-14,5
0,0.1265,7.09466E-15,5.73315E-15,4
0,0.12675,1.78398E-14,1.21789E-14,5
0,0.127,5.91359E-13,5.73649E-13,6
0,0.12725,5.80614E-13,5.73548E-13,5
0,0.1275,5.80917E-13,5.73548E-13,7
0,0.12775,5.73881E-13,5.7352E-13,5
0,0.128,3.10717E-12,2.46556E-12,7
0,0.12825,2.53365E-12,2.39794E-12,6
0,0.1285,1.40352E-13,1.39438E-13,6
0,0.12875,1.40352E-13,1.39438E-13,6
0,0.129,2.34219E-12,1.58422E-12,7
0,0.12925,4.73607E-12,2.87059E-12,8
0,0.1295,2.20291E-12,1.57807E-12,6
0,0.12975,2.36169E-12,1.58437E-12,9
0,0.13,2.36111E-12,1.58437E-12,8
0,0.13025,2.36111E-12,1.58437E-12,8
0,0.1305,2.18636E-13,1.53212E-13,6
0,0.13075,2.18636E-13,1.53212E-13,6
0,0.131,2.93127E-13,1.70443E-13,6
0,0.13125,1.35858E-13,9.55964E-14,5
0,0.1315,1.35858E-13,9.55964E-14,5
0,0.13175,2.24131E-13,1.30118E-13,6
0,0.132,1.64511E-13,1.15631E-13,7
0,0.13225,1.39093E-13,9.76178E-14,7
0,0.1325,1.52686E-13,1.08371E-13,7
0,0.13275,2.81808E-13,1.69639E-13,7
0,0.133,4.28942E-13,2.24556E-13,8
0,0.13325,3.40669E-13,2.06479E-13,7
0,0.1335,3.40622E-13,2.06479E-13,5
0,0.13375,5.89423E-13,3.68526E-13,5
0,0.134,7.03054E-13,3.94543E-13,8
0,0.13425,3.91284E-13,2.41944E-13,6
0,0.1345,2.477E-13,1.92098E-13,6
0,0.13475,2.47702E-13,1.92098E-13,7
0,0.135,7.0726E-13,4.9809E-13,8
0,0.13525,2.51199E-13,1.92125E-13,9
0,0.1355,7.05027E-15,4.81587E-15,5
0,0.13575,5.92344E-13,5.35885E-13,7
0,0.136,5.88793E-13,5.35874E-13,6
0,0.13625,1.00196E-11,9.446E-12,6
0,0.1365,9.48715E-12,9.43094E-12,7
0,0.13675,9.48381E-12,9.43094E-12,6
0,0.137,9.48381E-12,9.43094E-12,6
0,0.13725,1.05291E-15,8.48332E-16,4
0,0.1375,1.05363E-15,8.48332E-16,6
0,0.13775,5.21515E-13,5.20451E-13,8
0,0.138,5.20612E-13,5.2045E-13,6
0,0.13825,5.20462E-13,5.2045E-13,5
0,0.1385,5.20462E-13,5.2045E-13,5
0,0.13875,5.20757E-13,5.2045E-13,6
0,0.139,5.20756E-13,5.2045E-13,4
0,0.13925,0,0,1
0,0.1395,2.16599E-14,2.13668E-14,3
0,0.13975,2.16599E-14,2.13668E-14,3
0,0.14,2.18137E-14,2.13674E-14,4
0,0.14025,2.15187E-14,2.13654E-14,3
0,0.1405,2.15187E-14,2.13654E-14,3
0,0.14075,2.15187E-14,2.13654E-14,3
0,0.141,1.53844E-16,1.53844E-16,2
0,0.14125,7.94075E-16,6.58454E-16,3
0,0.1415,6.40231E-16,6.40231E-16,2
0,0.14175,6.40231E-16,6.40231E-16,2
0,0.142,6.40231E-16,6.40231E-16,2
0,0.14225,6.9019E-14,4.83616E-14,4
0,0.1425,3.42672E-14,3.36323E-14,4
0,0.14275,3.36269E-14,3.36262E-14,3
0,0.143,3.36269E-14,3.36262E-14,3
0,0.14325,3.51283E-14,3.3645E-14,5
0,0.1435,3.91269E-14,3.38817E-14,6
0,0.14375,1.50211E-15,1.1243E-15,4
0,0.144,1.50137E-15,1.1243E-15,3
0,0.14425,1.50137E-15,1.1243E-15,3
0,0.1445,1.50137E-15,1.1243E-15,3
0,0.14475,1.87622E-16,1.87622E-16,2
0,0.145,0,0,1
0,0.14525,0,0,1
0,0.1455,0,0,1
0,0.14575,1.87622E-16,1.87622E-16,2
0,0.146,1.1787E-13,1.03556E-13,4
0,0.14625,1.17682E-13,1.03556E-13,3
0,0.1465,1.17682E-13,1.03556E-13,3
0,0.14675,1.17682E-13,1.03556E-13,3
0,0.147,1.17682E-13,1.03556E-13,3
0,0.14725,1.52557E-14,1.52557E-14,2
0,0.1475,0,0,0
0,0.14775,0,0,0
0,0.148,0,0,0
0,0.14825,0,0,1
0,0.1485,7.17981E-17,7.17981E-17,2
0,0.14875,7.17981E-17,7.17981E-17,2
0,0.149,7.17981E-17,7.17981E-17,2
0,0.14925,7.17981E-17,7.17981E-17,2
0,0.1495,7.17981E-17,7.17981E-17,2
0,0.14975,5.57677E-15,5.50544E-15,3
0,0.15,5.50497E-15,5.50497E-15,2
0,0.15025,5.51686E-15,5.50499E-15,3
0,0.1505,5.7545E-15,5.51011E-15,4
0,0.15075,5.7545E-15,5.51011E-15,4
0,0.151,1.93725E-13,1.88051E-13,5
0,0.15125,2.49521E-16,2.37933E-16,3
0,0.1515,2.49521E-16,2.37933E-16,3
0,0.15175,2.37636E-16,2.37636E-16,2
0,0.152,0,0,1
0,0.15225,0,0,1
0,0.1525,0,0,0
0,0.15275,0,0,0
0,0.153,0,0,0
0,0.15325,1.42069E-15,1.42069E-15,2
0,0.1535,2.78795E-15,1.97173E-15,3
0,0.15375,2.78795E-15,1.97173E-15,3
0,0.154,2.78795E-15,1.97173E-15,3
0,0.15425,4.72006E-15,2.64525E-15,6
0,0.1545,4.72006E-15,2.64525E-15,6
0,0.15475,1.54441E-15,1.37814E-15,4
0,0.155,1.77142E-16,1.7281E-16,3
0,0.15525,1.77142E-16,1.7281E-16,3
0,0.1555,1.77142E-16,1.7281E-16,3
0,0.15575,0,0,0
0,0.156,0,0,0
0,0.15625,0,0,0
0,0.1565,0,0,0
0,0.15675,1.13446E-18,1.13446E-18,2
0,0.157,5.48585E-15,5.48472E-15,3
0,0.15725,9.30509E-15,6.68344E-15,4
0,0.1575,9.30509E-15,6.68344E-15,4
0,0.15775,9.30509E-15,6.68344E-15,4
0,0.158,1.03823E-14,6.76968E-15,5
0,0.15825,4.89649E-15,3.96824E-15,3
0,0.1585,1.07725E-15,1.07725E-15,2
0,0.15875,2.32986E-13,2.21849E-13,4
0,0.159,2.32986E-13,2.21849E-13,4
0,0.15925,2.33015E-13,2.21849E-13,5
0,0.1595,2.31938E-13,2.21847E-13,4
0,0.15975,2.31952E-13,2.21847E-13,5
0,0.16,2.31952E-13,2.21847E-13,5
0,0.16025,1.34536E-17,1.34536E-17,2
0,0.1605,1.34536E-17,1.34536E-17,2
0,0.16075,0,0,1
0,0.161,1.34536E-17,1.34536E-17,2
0,0.16125,7.16347E-15,7.16347E-15,2
0,0.1615,7.16347E-15,7.16347E-15,2
0,0.16175,3.71286E-14,3.08094E-14,3
0,0.162,9.9618E-13,9.59546E-13,4
0,0.16225,1.48574E-12,1.07721E-12,5
0,0.1625,1.47858E-12,1.07719E-12,4
0,0.16275,5.19525E-13,4.90476E-13,3
0,0.163,5.19525E-13,4.90476E-13,3
0,0.16325,4.8956E-13,4.8956E-13,2
0,0.1635,4.8956E-13,4.8956E-13,2
0,0.16375,0,0,1
0,0.164,0,0,1
0,0.16425,0,0,1
0,0.1645,0,0,1
0,0.16475,0,0,1
0,0.165,0,0,0
0,0.16525,0,0,1
0,0.1655,0,0,1
0,0.16575,0,0,1
0,0.166,0,0,1
0,0.16625,0,0,1
0,0.1665,0,0,1
0,0.16675,0,0,1
0,0.167,0,0,1
0,0.16725,0,0,1
0,0.1675,0,0,1
0,0.16775,0,0,1
0,0.168,0,0,1
0,0.16825,0,0,0
0,0.1685,0,0,1
0,0.16875,1.37546E-16,1.37546E-16,2
0,0.169,1.37546E-16,1.37546E-16,2
0,0.16925,1.37546E-16,1.37546E-16,2
0,0.1695,1.37546E-16,1.37546E-16,2
0,0.16975,1.37546E-16,1.37546E-16,2
0,0.17,5.09676E-15,5.0889E-15,3
0,0.17025,7.87047E-18,7.87044E-18,2
0,0.1705,7.87047E-18,7.87044E-18,2
0,0.17075,7.87047E-18,7.87044E-18,2
0,0.171,7.87047E-18,7.87044E-18,2
0,0.17125,7.87047E-18,7.87044E-18,2
0,0.1715,2.1423E-18,2.1423E-18,2
0,0.17175,2.1423E-18,2.1423E-18,2
0,0.172,2.1423E-18,2.1423E-18,2
0,0.17225,8.70954E-17,8.49801E-17,3
0,0.1725,3.57424E-15,3.48818E-15,4
0,0.17275,3.57424E-15,3.48818E-15,4
0,0.173,8.49531E-17,8.49531E-17,2
0,0.17325,8.49531E-17,8.49531E-17,2
0,0.1735,8.49531E-17,8.49531E-17,2
0,0.17375,1.46393E-15,1.46393E-15,2
0,0.174,1.46393E-15,1.46393E-15,2
0,0.17425,1.46393E-15,1.46393E-15,2
0,0.1745,1.46393E-15,1.46393E-15,2
0,0.17475,1.49023E-15,1.46417E-15,3
0,0.175,3.68988E-14,3.54388E-14,4
0,0.17525,3.54349E-14,3.54086E-14,4
0,0.1755,2.62935E-17,2.62931E-17,3
0,0.17575,3.2757E-16,3.02421E-16,4
0,0.176,1.94801E-14,1.89812E-14,6
0,0.17625,1.94538E-14,1.89812E-14,5
0,0.1765,4.75815E-16,3.48181E-16,4
0,0.17675,4.75815E-16,3.48181E-16,3
0,0.177,2.21494E-14,1.91716E-14,5
0,0.17725,2.18482E-14,1.91692E-14,4
0,0.1775,2.69566E-15,2.69567E-15,2
0,0.17775,2.69566E-15,2.69567E-15,2
0,0.178,2.69566E-15,2.69567E-15,2
0,0.17825,2.69566E-15,2.69567E-15,2
0,0.1785,0,0,0
0,0.17875,0,0,0
0,0.179,0,0,0
0,0.17925,0,0,0
0,0.1795,0,0,0
0,0.17975,0,0,0
0,0.18,0,0,1
0,0.18025,1.84052E-14,1.84052E-14,2
0,0.1805,1.84052E-14,1.84052E-14,2
0,0.18075,1.84052E-14,1.84052E-14,2
0,0.181,1.84052E-14,1.84052E-14,2
0,0.18125,2.02789E-14,1.85003E-14,3
0,0.1815,1.87372E-15,1.87372E-15,2
0,0.18175,0,0,1
0,0.182,0,0,1
0,0.18225,0,0,1
0,0.1825,0,0,1
0,0.18275,0,0,0
0,0.183,0,0,0
0,0.18325,0,0,0
0,0.1835,0,0,0
0,0.18375,0,0,0
0,0.184,0,0,0
0,0.18425,0,0,0
0,0.1845,0,0,0
0,0.18475,2.79534E-23,-NAN,2
0,0.185,4.97387E-13,4.97387E-13,3
0,0.18525,4.97387E-13,4.97387E-13,3
0,0.1855,4.97387E-13,4.97387E-13,3
0,0.18575,4.97387E-13,4.97387E-13,3
0,0.186,4.97387E-13,4.97387E-13,3
0,0.18625,0,0,1
0,0.1865,0,0,1
0,0.18675,0,0,1
0,0.187,0,0,1
0,0.18725,2.0262E-16,2.0262E-16,2
0,0.1875,2.0262E-16,2.0262E-16,2
0,0.18775,7.24551E-15,7.0458E-15,3
0,0.188,2.0262E-16,2.0262E-16,2
0,0.18825,7.24551E-15,7.0458E-15,3
0,0.1885,7.24551E-15,7.0458E-15,3
0,0.18875,7.04289E-15,7.04289E-15,2
0,0.189,7.04289E-15,7.04289E-15,2
0,0.18925,0,0,1
0,0.1895,0,0,1
