0,0,0,0,0
0,0.00025,0,0,0
0,0.0005,0,0,0
0,0.00075,0,0,0
0,0.001,0,0,0
0,0.00125,0,0,0
0,0.0015,0,0,0
0,0.00175,0,0,0
0,0.002,0,0,0
0,0.00225,0,0,0
0,0.0025,0,0,0
0,0.00275,0,0,0
0,0.003,0,0,0
0,0.00325,0,0,0
0,0.0035,0,0,0
0,0.00375,0,0,0
0,0.004,0,0,0
0,0.00425,0,0,0
0,0.0045,0,0,0
0,0.00475,0,0,0
0,0.005,0,0,0
0,0.00525,0,0,0
0,0.0055,0,0,0
0,0.00575,0,0,0
0,0.006,0,0,0
0,0.00625,0,0,0
0,0.0065,0,0,0
0,0.00675,0,0,0
0,0.007,0,0,0
0,0.00725,0,0,0
0,0.0075,0,0,0
0,0.00775,4.87672E-11,4.87672E-11,1
0,0.008,4.87672E-11,4.87672E-11,1
0,0.00825,4.87672E-11,4.87672E-11,1
0,0.0085,4.87672E-11,4.87672E-11,1
0,0.00875,4.87672E-11,4.87672E-11,1
0,0.009,4.87672E-11,4.87672E-11,1
0,0.00925,1.8915E-09,1.8915E-09,1
0,0.0095,1.8915E-09,1.8915E-09,1
0,0.00975,1.8915E-09,1.8915E-09,1
0,0.01,1.8915E-09,1.8915E-09,1
0,0.01025,1.8915E-09,1.8915E-09,1
0,0.0105,1.8915E-09,1.8915E-09,1
0,0.01075,0,0,0
0,0.011,0,0,0
0,0.01125,0,0,0
0,0.0115,0,0,0
0,0.01175,0,0,0
0,0.012,6.86204E-10,6.86204E-10,1
0,0.01225,6.86204E-10,6.86204E-10,1
0,0.0125,6.86204E-10,6.86204E-10,1
0,0.01275,7.78967E-10,6.92445E-10,2
0,0.013,7.78967E-10,6.92445E-10,2
0,0.01325,4.63844E-09,2.84108E-09,4
0,0.0135,4.2227E-09,2.77003E-09,5
0,0.01375,4.2227E-09,2.77003E-09,5
0,0.014,8.32469E-09,3.74104E-09,9
0,0.01425,1.22627E-08,4.70297E-09,10
0,0.0145,1.46264E-08,4.98422E-09,13
0,0.01475,1.12926E-08,4.18308E-09,13
0,0.015,1.10221E-08,4.17445E-09,11
0,0.01525,1.10563E-08,4.17459E-09,12
0,0.0155,6.97591E-09,3.3325E-09,9
0,0.01575,3.39027E-09,1.75227E-09,10
0,0.016,3.19347E-09,1.66421E-09,9
0,0.01625,6.4348E-09,2.42985E-09,15
0,0.0165,1.20589E-08,4.57799E-09,21
0,0.01675,1.35972E-08,4.83721E-09,22
0,0.017,1.58294E-08,5.05271E-09,26
0,0.01725,1.7229E-08,5.2018E-09,27
0,0.0175,1.82539E-08,5.90097E-09,26
0,0.01775,1.50315E-08,5.62128E-09,21
0,0.018,9.69743E-09,4.0722E-09,18
0,0.01825,3.37231E-08,2.34699E-08,21
0,0.0185,3.23619E-08,2.34319E-08,20
0,0.01875,3.44847E-08,2.36743E-08,21
0,0.019,3.47889E-08,2.35391E-08,27
0,0.01925,3.86896E-08,2.38478E-08,31
0,0.0195,4.01586E-08,2.38811E-08,31
0,0.01975,2.65407E-08,1.07463E-08,35
0,0.02,3.01145E-08,1.11016E-08,39
0,0.02025,2.68227E-08,1.05077E-08,38
0,0.0205,2.62715E-08,1.04628E-08,38
0,0.02075,2.50284E-08,9.84356E-09,40
0,0.021,2.71805E-08,1.00281E-08,47
0,0.02125,1.56383E-08,4.34423E-09,43
0,0.0215,1.53668E-08,4.20307E-09,42
0,0.02175,1.59881E-08,4.23098E-09,49
0,0.022,1.53308E-08,4.24785E-09,49
0,0.02225,1.57403E-08,4.56859E-09,50
0,0.0225,1.34069E-08,4.03558E-09,49
0,0.02275,1.44071E-08,4.07751E-09,53
0,0.023,1.1325E-08,3.18823E-09,53
0,0.02325,1.18273E-08,3.34425E-09,47
0,0.0235,1.24356E-08,3.43482E-09,48
0,0.02375,1.05844E-08,2.88008E-09,49
0,0.024,9.75549E-09,2.79385E-09,49
0,0.02425,1.03829E-08,2.91539E-09,53
0,0.0245,1.40442E-08,3.41557E-09,58
0,0.02475,1.61986E-08,4.09192E-09,61
0,0.025,1.45444E-08,3.76045E-09,59
0,0.02525,1.38645E-08,3.59839E-09,56
0,0.0255,1.65538E-08,4.2128E-09,57
0,0.02575,1.75112E-08,4.41955E-09,50
0,0.026,1.49126E-08,4.30709E-09,49
0,0.02625,1.4913E-08,4.6341E-09,54
0,0.0265,1.50512E-08,4.57567E-09,58
0,0.02675,1.44354E-08,4.55599E-09,57
0,0.027,1.24989E-08,4.08527E-09,52
0,0.02725,1.14894E-08,3.80543E-09,59
0,0.0275,1.35946E-08,4.96909E-09,58
0,0.02775,1.12415E-08,4.02209E-09,51
0,0.028,1.089E-08,4.03121E-09,50
0,0.02825,1.9782E-08,7.69261E-09,53
0,0.0285,2.04756E-08,7.74579E-09,67
0,0.02875,1.95672E-08,7.73541E-09,62
0,0.029,1.64412E-08,6.88199E-09,64
0,0.02925,1.97129E-08,7.8911E-09,71
0,0.0295,2.14927E-08,8.23407E-09,70
0,0.02975,1.24306E-08,4.9753E-09,66
0,0.03,1.12959E-08,4.82437E-09,58
0,0.03025,1.17726E-08,4.81655E-09,61
0,0.0305,1.22309E-08,4.8757E-09,57
0,0.03075,1.11392E-08,3.48862E-09,55
0,0.031,9.42337E-09,2.69697E-09,54
0,0.03125,1.28714E-08,3.65878E-09,54
0,0.0315,1.24084E-08,3.62597E-09,53
0,0.03175,1.41968E-08,4.25021E-09,51
0,0.032,1.60138E-08,4.48399E-09,57
0,0.03225,1.27483E-08,3.99224E-09,54
0,0.0325,1.16728E-08,3.84139E-09,53
0,0.03275,8.18295E-09,2.9356E-09,55
0,0.033,9.2514E-09,3.13367E-09,54
0,0.03325,1.12667E-08,3.46187E-09,62
0,0.0335,8.41841E-09,3.02306E-09,55
0,0.03375,8.53951E-09,3.03644E-09,54
0,0.034,8.63016E-09,3.03694E-09,55
0,0.03425,1.66868E-08,7.82001E-09,61
0,0.0345,1.58666E-08,7.75552E-09,62
0,0.03475,1.13641E-08,7.27063E-09,59
0,0.035,1.65472E-08,8.44874E-09,60
0,0.03525,1.89542E-08,8.82211E-09,62
0,0.0355,1.89844E-08,8.82221E-09,60
0,0.03575,1.10231E-08,5.09237E-09,53
0,0.036,1.12894E-08,5.14132E-09,52
0,0.03625,1.06392E-08,5.11001E-09,46
0,0.0365,5.39355E-09,2.7478E-09,45
0,0.03675,2.73227E-09,9.84489E-10,47
0,0.037,3.66961E-09,1.14436E-09,57
0,0.03725,3.35407E-09,1.12219E-09,56
0,0.0375,2.46095E-09,7.31875E-10,51
0,0.03775,5.08867E-09,2.30957E-09,49
0,0.038,4.72513E-09,2.29194E-09,47
0,0.03825,4.69947E-09,2.29775E-09,41
0,0.0385,4.13287E-09,2.23464E-09,34
0,0.03875,4.29015E-09,2.24096E-09,34
0,0.039,4.22346E-09,2.23522E-09,39
0,0.03925,2.16038E-09,6.71169E-10,37
0,0.0395,2.09051E-09,6.61653E-10,36
0,0.03975,1.75556E-09,6.11792E-10,34
0,0.04,2.19161E-09,7.59433E-10,31
0,0.04025,2.93692E-09,9.75948E-10,35
0,0.0405,3.76197E-09,1.10642E-09,34
0,0.04075,5.66448E-09,1.6144E-09,41
0,0.041,5.98931E-09,1.63391E-09,43
0,0.04125,7.36495E-09,1.79702E-09,51
0,0.0415,6.89989E-09,1.7334E-09,59
0,0.04175,6.52014E-09,1.64111E-09,57
0,0.042,6.43142E-09,1.62384E-09,59
0,0.04225,3.86944E-09,9.92456E-10,52
0,0.0425,6.51298E-09,2.59436E-09,55
0,0.04275,6.39202E-09,2.61397E-09,55
0,0.043,6.30435E-09,2.61965E-09,48
0,0.04325,5.82078E-09,2.60228E-09,45
0,0.0435,5.48493E-09,2.57326E-09,46
0,0.04375,5.43996E-09,2.57265E-09,51
0,0.044,2.44724E-09,8.99221E-10,45
0,0.04425,1.21762E-09,3.83752E-10,40
0,0.0445,1.26861E-09,5.25583E-10,35
0,0.04475,2.29966E-09,9.24439E-10,36
0,0.045,5.03922E-09,3.15802E-09,38
0,0.04525,5.12123E-09,3.15869E-09,38
0,0.0455,5.20145E-09,3.15976E-09,43
0,0.04575,5.19461E-09,3.15974E-09,45
0,0.046,8.92775E-09,5.09331E-09,50
0,0.04625,8.00357E-09,5.0376E-09,49
0,0.0465,5.20142E-09,4.03464E-09,41
0,0.04675,5.16989E-09,4.03487E-09,36
0,0.047,8.77822E-09,4.8662E-09,34
0,0.04725,9.14767E-09,4.87334E-09,31
0,0.0475,5.02038E-09,2.7563E-09,30
0,0.04775,5.68992E-09,2.85695E-09,34
0,0.048,5.38477E-09,2.84304E-09,39
0,0.04825,5.7699E-09,2.87863E-09,42
0,0.0485,2.12469E-09,9.3884E-10,44
0,0.04875,1.78538E-09,9.03159E-10,43
0,0.049,1.80773E-09,9.03282E-10,47
0,0.04925,9.8854E-10,4.84743E-10,46
0,0.0495,1.33621E-09,5.83886E-10,44
0,0.04975,1.25734E-09,5.2881E-10,43
0,0.05,1.22432E-09,5.28731E-10,40
0,0.05025,1.27001E-09,5.29972E-10,43
0,0.0505,1.21217E-09,5.28442E-10,39
0,0.05075,1.70039E-09,6.4114E-10,35
0,0.051,1.34186E-09,5.58735E-10,35
0,0.05125,9.56976E-10,4.005E-10,32
0,0.0515,1.43134E-09,5.33695E-10,36
0,0.05175,1.78745E-09,6.09416E-10,37
0,0.052,1.93625E-09,6.16898E-10,37
0,0.05225,1.60626E-09,5.17764E-10,38
0,0.0525,1.48937E-09,5.02212E-10,37
0,0.05275,1.50823E-09,5.02575E-10,40
0,0.053,1.49819E-09,4.83589E-10,40
0,0.05325,1.17853E-09,3.87015E-10,39
0,0.0535,1.65542E-09,4.62298E-10,43
0,0.05375,1.48872E-09,4.40948E-10,42
0,0.054,1.55119E-09,4.46315E-10,39
0,0.05425,1.61244E-09,4.53937E-10,41
0,0.0545,1.22301E-09,3.36159E-10,35
0,0.05475,1.44483E-09,4.59382E-10,37
0,0.055,1.08148E-09,4.23479E-10,35
0,0.05525,1.73037E-09,5.89854E-10,44
0,0.0555,1.88319E-09,6.03572E-10,46
0,0.05575,2.7867E-09,8.86787E-10,45
0,0.056,2.67176E-09,8.77642E-10,50
0,0.05625,2.32529E-09,8.15015E-10,49
0,0.0565,2.11446E-09,7.90462E-10,47
0,0.05675,1.68247E-09,6.89065E-10,42
0,0.057,1.42893E-09,6.72752E-10,47
0,0.05725,1.34725E-09,8.13764E-10,49
0,0.0575,2.35033E-09,1.08493E-09,50
0,0.05775,2.32773E-09,1.08482E-09,45
0,0.058,2.26318E-09,1.08386E-09,40
0,0.05825,3.31748E-09,1.57734E-09,38
0,0.0585,3.40138E-09,1.57833E-09,33
0,0.05875,2.80206E-09,1.38794E-09,29
0,0.059,3.10617E-09,1.66746E-09,31
0,0.05925,3.13982E-09,1.66755E-09,38
0,0.0595,3.33835E-09,1.67614E-09,42
0,0.05975,2.3541E-09,1.23935E-09,42
0,0.06,2.26127E-09,1.23803E-09,43
0,0.06025,2.53073E-09,1.28151E-09,46
0,0.0605,1.26766E-09,5.24968E-10,42
0,0.06075,1.29605E-09,5.26618E-10,40
0,0.061,1.21516E-09,5.07675E-10,38
0,0.06125,9.96501E-10,4.53966E-10,39
0,0.0615,1.05911E-09,4.56798E-10,41
0,0.06175,4.68589E-10,1.54556E-10,39
0,0.062,6.00901E-10,2.18126E-10,37
0,0.06225,8.98932E-10,3.56407E-10,37
0,0.0625,9.31105E-10,3.55189E-10,45
0,0.06275,1.12407E-09,4.13305E-10,45
0,0.063,2.5706E-09,1.12914E-09,45
0,0.06325,2.66507E-09,1.13456E-09,46
0,0.0635,2.50909E-09,1.12328E-09,49
0,0.06375,2.24058E-09,1.08939E-09,46
0,0.064,2.65435E-09,1.13542E-09,45
0,0.06425,3.20887E-09,1.2871E-09,44
0,0.0645,2.06317E-09,7.7596E-10,48
0,0.06475,1.98664E-09,7.68252E-10,48
0,0.065,1.96354E-09,7.6817E-10,45
0,0.06525,2.05325E-09,7.73662E-10,48
0,0.0655,2.29591E-09,1.00199E-09,45
0,0.06575,1.49148E-09,7.64986E-10,43
0,0.066,1.17679E-09,7.30964E-10,41
0,0.06625,1.17692E-09,7.32276E-10,36
0,0.0665,1.56751E-09,8.22471E-10,43
0,0.06675,2.20498E-09,1.01422E-09,45
0,0.067,2.15496E-09,9.61288E-10,45
0,0.06725,2.12331E-09,9.61116E-10,43
0,0.0675,2.12959E-09,9.61184E-10,41
0,0.06775,2.236E-09,9.67388E-10,46
0,0.068,1.83051E-09,8.91702E-10,40
0,0.06825,1.25064E-09,6.88434E-10,38
0,0.0685,4.96208E-10,2.49818E-10,34
0,0.06875,6.43593E-10,2.62638E-10,43
0,0.069,6.9168E-10,2.72972E-10,38
0,0.06925,6.41395E-10,2.51616E-10,39
0,0.0695,6.97563E-10,2.57698E-10,39
0,0.06975,8.61929E-10,3.52104E-10,37
0,0.07,8.73244E-10,3.52309E-10,39
0,0.07025,1.70503E-09,9.84211E-10,37
0,0.0705,1.74834E-09,9.88769E-10,39
0,0.07075,2.01618E-09,1.0398E-09,34
0,0.071,2.09745E-09,1.04408E-09,34
0,0.07125,7.13883E-09,5.53872E-09,33
0,0.0715,7.20784E-09,5.53913E-09,34
0,0.07175,6.22882E-09,5.46178E-09,26
0,0.072,8.13077E-09,5.66805E-09,27
0,0.07225,7.98702E-09,5.6602E-09,32
0,0.0725,9.06446E-09,5.77488E-09,37
0,0.07275,3.96972E-09,1.94152E-09,42
0,0.073,3.99467E-09,1.94137E-09,46
0,0.07325,4.04751E-09,1.9417E-09,52
0,0.0735,2.07476E-09,1.20975E-09,50
0,0.07375,2.73541E-09,1.46642E-09,47
0,0.074,1.77542E-09,9.41351E-10,43
0,0.07425,1.57587E-09,8.901E-10,37
0,0.0745,1.70717E-09,8.99713E-10,35
0,0.07475,1.65415E-09,8.99009E-10,30
0,0.075,1.64052E-09,8.97543E-10,32
0,0.07525,8.41207E-10,3.33016E-10,35
0,0.0755,6.77139E-10,2.44723E-10,36
0,0.07575,5.31981E-10,2.07113E-10,34
0,0.076,3.80619E-10,1.56844E-10,33
0,0.07625,1.15836E-09,6.79761E-10,38
0,0.0765,1.48779E-09,7.52939E-10,37
0,0.07675,2.28092E-09,1.16423E-09,34
0,0.077,2.18692E-09,1.16063E-09,33
0,0.07725,2.38316E-09,1.17447E-09,40
0,0.0775,2.30864E-09,1.17321E-09,39
0,0.07775,1.53378E-09,9.69009E-10,34
0,0.078,1.27753E-09,9.20398E-10,38
0,0.07825,4.44598E-10,2.24494E-10,38
0,0.0785,4.65263E-10,2.25766E-10,38
0,0.07875,2.97342E-10,1.39745E-10,35
0,0.079,3.59119E-10,1.52298E-10,40
0,0.07925,4.05001E-10,1.55396E-10,47
0,0.0795,2.75641E-10,9.30918E-11,45
0,0.07975,7.92547E-10,5.0101E-10,49
0,0.08,7.93353E-10,5.01146E-10,49
0,0.08025,7.82575E-10,5.00545E-10,48
0,0.0805,1.0808E-09,5.87446E-10,42
0,0.08075,1.07984E-09,5.87751E-10,37
0,0.081,1.15853E-09,5.90107E-10,42
0,0.08125,7.06168E-10,3.3336E-10,40
0,0.0815,7.67328E-10,3.44521E-10,38
0,0.08175,9.59121E-10,3.72993E-10,42
0,0.082,5.89497E-10,2.01978E-10,41
0,0.08225,6.89803E-10,2.45184E-10,44
0,0.0825,6.90262E-10,2.55066E-10,38
0,0.08275,5.97322E-10,2.4156E-10,36
0,0.083,6.09039E-10,2.41813E-10,39
0,0.08325,3.92282E-10,1.94067E-10,36
0,0.0835,5.77446E-10,2.53591E-10,39
0,0.08375,4.83921E-10,2.11669E-10,39
0,0.084,5.17698E-10,2.21566E-10,39
0,0.08425,4.86807E-10,2.19873E-10,38
0,0.0845,6.48533E-10,2.74664E-10,42
0,0.08475,6.72808E-10,2.75403E-10,42
0,0.085,8.42061E-10,3.84441E-10,41
0,0.08525,9.82385E-10,4.23598E-10,38
0,0.0855,9.73124E-10,4.21408E-10,38
0,0.08575,9.72647E-10,4.21418E-10,36
0,0.086,7.14298E-10,3.77003E-10,29
0,0.08625,6.87242E-10,3.7646E-10,23
0,0.0865,3.6229E-10,2.09155E-10,22
0,0.08675,1.81063E-10,1.05681E-10,22
0,0.087,2.15185E-10,1.17004E-10,21
0,0.08725,2.38977E-10,1.18664E-10,25
0,0.0875,2.31959E-10,1.18368E-10,23
0,0.08775,3.19726E-10,1.24781E-10,33
0,0.088,3.57986E-10,1.33946E-10,40
0,0.08825,4.15373E-10,1.40969E-10,41
0,0.0885,3.67062E-10,1.31107E-10,40
0,0.08875,3.41062E-10,1.29496E-10,39
0,0.089,6.26592E-10,2.90552E-10,44
0,0.08925,6.46702E-10,2.99848E-10,40
0,0.0895,8.85001E-10,3.62052E-10,37
0,0.08975,8.99427E-10,3.68996E-10,38
0,0.09,8.08016E-10,3.55287E-10,38
0,0.09025,9.04971E-10,3.69214E-10,35
0,0.0905,8.06906E-10,3.2181E-10,32
0,0.09075,7.02877E-10,3.10682E-10,31
0,0.091,4.16649E-10,2.2936E-10,30
0,0.09125,3.3407E-10,2.13092E-10,27
0,0.0915,3.93922E-10,2.18605E-10,32
0,0.09175,8.30066E-10,5.7017E-10,33
0,0.092,6.80872E-10,5.40031E-10,34
0,0.09225,1.14281E-09,6.29856E-10,34
0,0.0925,1.28219E-09,6.41052E-10,36
0,0.09275,1.42656E-09,6.53767E-10,40
0,0.093,1.35644E-09,6.51844E-10,33
0,0.09325,1.06856E-09,4.02825E-10,39
0,0.0935,1.0311E-09,4.01045E-10,37
0,0.09375,5.73991E-10,2.36221E-10,38
0,0.094,4.54206E-10,2.05596E-10,37
0,0.09425,3.07562E-10,1.60616E-10,35
0,0.0945,4.89866E-10,2.26879E-10,42
0,0.09475,3.25119E-10,1.83158E-10,37
0,0.095,3.30962E-10,1.83241E-10,40
0,0.09525,3.68409E-10,1.8575E-10,43
0,0.0955,3.84017E-10,1.89175E-10,42
0,0.09575,5.07992E-10,2.25991E-10,43
0,0.096,6.47952E-10,3.47763E-10,38
0,0.09625,5.63087E-10,3.37785E-10,37
0,0.0965,6.44447E-10,3.43217E-10,37
0,0.09675,6.06103E-10,3.41867E-10,33
0,0.097,5.82591E-10,3.40193E-10,30
0,0.09725,5.18586E-10,3.19828E-10,30
0,0.0975,2.66161E-10,9.82229E-11,29
0,0.09775,2.69772E-10,9.82883E-11,28
0,0.098,2.38997E-10,8.79916E-11,31
0,0.09825,2.43696E-10,8.84465E-11,32
0,0.0985,2.69586E-10,9.19588E-11,35
0,0.09875,2.23621E-10,8.19477E-11,34
0,0.099,2.02645E-10,7.72487E-11,38
0,0.09925,2.18625E-10,7.87693E-11,40
0,0.0995,1.60445E-10,6.62601E-11,31
0,0.09975,1.48625E-10,6.52026E-11,30
0,0.1,9.59227E-11,5.05249E-11,28
0,0.10025,2.40045E-10,1.66613E-10,26
0,0.1005,4.1944E-10,2.62791E-10,28
0,0.10075,4.04766E-10,2.62358E-10,28
0,0.101,4.11505E-10,2.62459E-10,29
0,0.10125,4.15359E-10,2.6249E-10,28
0,0.1015,4.08722E-10,2.6243E-10,29
0,0.10175,2.57411E-10,2.08797E-10,30
0,0.102,2.83871E-11,1.16574E-11,25
0,0.10225,2.42408E-11,1.06655E-11,24
0,0.1025,2.285E-11,9.76144E-12,24
0,0.10275,1.24427E-10,7.49538E-11,24
0,0.103,1.777E-10,8.89919E-11,23
0,0.10325,1.70839E-10,8.87938E-11,20
0,0.1035,1.68221E-10,8.87561E-11,17
0,0.10375,1.67468E-10,8.87528E-11,15
0,0.104,1.66475E-10,8.86869E-11,20
0,0.10425,5.85915E-10,5.26969E-10,19
0,0.1045,5.50502E-10,5.25116E-10,15
0,0.10475,6.37798E-10,5.28423E-10,19
0,0.105,6.70461E-10,5.29445E-10,19
0,0.10525,6.70946E-10,5.29445E-10,21
0,0.1055,6.66675E-10,5.29424E-10,17
0,0.10575,1.41141E-10,7.01411E-11,15
0,0.106,1.22377E-10,6.75851E-11,14
0,0.10625,3.68362E-11,3.29249E-11,14
0,0.1065,5.62547E-11,5.22399E-11,14
0,0.10675,5.83637E-11,5.2298E-11,14
0,0.107,1.94112E-10,1.43419E-10,13
0,0.10725,1.94112E-10,1.43419E-10,12
0,0.1075,1.94241E-10,1.43419E-10,14
0,0.10775,1.96918E-10,1.43501E-10,12
0,0.108,1.45062E-10,1.33666E-10,13
0,0.10825,2.83382E-10,1.78944E-10,13
0,0.1085,1.51392E-10,1.19157E-10,14
0,0.10875,1.54096E-10,1.19177E-10,17
0,0.109,1.76694E-10,1.21324E-10,16
0,0.10925,1.77471E-10,1.21312E-10,20
0,0.1095,1.81085E-10,1.21356E-10,20
0,0.10975,4.59698E-11,2.41771E-11,20
0,0.11,4.41491E-11,2.40529E-11,21
0,0.11025,4.1475E-11,2.39571E-11,20
0,0.1105,3.25217E-11,1.53176E-11,24
0,0.11075,2.98317E-11,1.47699E-11,20
0,0.111,2.57735E-11,1.44001E-11,18
0,0.11125,2.01177E-11,1.37476E-11,16
0,0.1115,5.39387E-10,5.22032E-10,14
0,0.11175,5.41466E-10,5.22034E-10,17
0,0.112,5.29249E-10,5.21867E-10,14
0,0.11225,5.25942E-10,5.21861E-10,15
0,0.1125,5.26289E-10,5.21861E-10,18
0,0.11275,5.2828E-10,5.21864E-10,20
0,0.113,6.42003E-12,2.92679E-12,19
0,0.11325,4.32995E-12,2.51423E-12,15
0,0.1135,2.8049E-12,1.97582E-12,15
0,0.11375,2.55641E-12,1.96366E-12,11
0,0.114,1.20519E-11,1.00346E-11,8
0,0.11425,1.29394E-11,1.03047E-11,6
0,0.1145,6.27682E-11,5.08333E-11,8
0,0.11475,6.27499E-11,5.08333E-11,7
0,0.115,9.72307E-11,5.92093E-11,8
0,0.11525,9.72307E-11,5.92093E-11,8
0,0.1155,9.12837E-11,5.84458E-11,11
0,0.11575,8.82646E-11,5.83664E-11,11
0,0.116,6.29718E-11,3.90533E-11,12
0,0.11625,2.52956E-10,1.51435E-10,16
0,0.1165,2.18444E-10,1.48361E-10,13
0,0.11675,2.18444E-10,1.48361E-10,13
0,0.117,2.14549E-10,1.48337E-10,10
0,0.11725,2.14522E-10,1.48337E-10,10
0,0.1175,1.89986E-10,1.46313E-10,6
0,0.11775,8.32453E-12,8.32194E-12,4
0,0.118,1.95517E-11,1.39749E-11,7
0,0.11825,1.95517E-11,1.39749E-11,7
0,0.1185,1.97168E-11,1.39759E-11,8
0,0.11875,1.98595E-11,1.39767E-11,8
0,0.119,2.02079E-11,1.3981E-11,9
0,0.11925,1.1894E-11,1.12346E-11,10
0,0.1195,6.66909E-13,4.11873E-13,7
0,0.11975,9.0771E-13,4.77096E-13,8
0,0.12,7.97093E-10,7.96353E-10,7
0,0.12025,7.96951E-10,7.96353E-10,7
0,0.1205,7.96603E-10,7.96353E-10,6
0,0.12075,7.96599E-10,7.96353E-10,4
0,0.121,8.17773E-10,7.96634E-10,5
0,0.12125,8.1757E-10,7.96634E-10,6
0,0.1215,3.17464E-10,2.97003E-10,6
0,0.12175,3.17532E-10,2.97003E-10,6
0,0.122,3.17532E-10,2.97003E-10,6
0,0.12225,3.17551E-10,2.97003E-10,7
0,0.1225,3.01165E-10,2.96286E-10,7
0,0.12275,3.01295E-10,2.96286E-10,8
0,0.123,9.1673E-12,6.29602E-12,10
0,0.12325,9.09942E-12,6.29566E-12,9
0,0.1235,9.09942E-12,6.29566E-12,9
0,0.12375,1.53515E-11,8.88959E-12,8
0,0.124,1.15425E-11,7.55081E-12,10
0,0.12425,1.25292E-11,7.63707E-12,9
0,0.1245,8.59683E-12,6.45537E-12,7
0,0.12475,8.6201E-12,6.45541E-12,8
0,0.125,8.65755E-12,6.45552E-12,9
0,0.12525,6.8404E-12,4.55239E-12,11
0,0.1255,5.86065E-12,4.45004E-12,8
0,0.12575,4.70673E-12,4.29867E-12,6
0,0.126,4.60913E-12,4.29553E-12,6
0,0.12625,4.58765E-12,4.29547E-12,6
0,0.1265,4.58937E-12,4.29549E-12,6
0,0.12675,1.18141E-12,1.05564E-12,5
0,0.127,1.18141E-12,1.05564E-12,5
0,0.12725,1.18189E-12,1.05564E-12,6
0,0.1275,1.09258E-12,1.05185E-12,6
0,0.12775,1.09078E-12,1.05185E-12,5
0,0.128,1.05162E-12,1.05112E-12,4
0,0.12825,4.92316E-16,4.77586E-16,2
0,0.1285,4.95872E-16,4.77599E-16,3
0,0.12875,1.85207E-17,1.53807E-17,2
0,0.129,3.55689E-18,3.55689E-18,1
0,0.12925,3.55689E-18,3.55689E-18,1
0,0.1295,6.15835E-15,6.15479E-15,2
0,0.12975,1.66958E-14,1.21232E-14,4
0,0.13,1.66922E-14,1.21232E-14,3
0,0.13025,1.80787E-14,1.22022E-14,5
0,0.1305,1.30197E-13,1.12513E-13,7
0,0.13075,1.33823E-13,1.12572E-13,9
0,0.131,3.03143E-13,2.04764E-13,10
0,0.13125,2.92605E-13,2.04498E-13,8
0,0.1315,2.92605E-13,2.04498E-13,8
0,0.13175,1.13632E-11,1.10739E-11,7
0,0.132,1.12511E-11,1.10733E-11,5
0,0.13225,1.12475E-11,1.10733E-11,3
0,0.1325,1.10827E-11,1.1072E-11,3
0,0.13275,1.16695E-11,1.10875E-11,4
0,0.133,1.16695E-11,1.10875E-11,4
0,0.13325,6.06914E-13,5.86976E-13,4
0,0.1335,6.06914E-13,5.86976E-13,4
0,0.13375,6.06914E-13,5.86976E-13,4
0,0.134,5.96228E-13,5.8688E-13,2
0,0.13425,1.61696E-13,1.52563E-13,2
0,0.1345,1.61989E-13,1.52563E-13,3
0,0.13475,2.07927E-12,1.93271E-12,3
0,0.135,2.07927E-12,1.93271E-12,3
0,0.13525,2.07927E-12,1.93271E-12,3
0,0.1355,2.07927E-12,1.93271E-12,3
0,0.13575,2.06083E-12,1.93135E-12,3
0,0.136,2.06057E-12,1.93135E-12,4
0,0.13625,1.33864E-13,1.33828E-13,3
0,0.1365,1.51728E-13,1.35014E-13,4
0,0.13675,1.54069E-13,1.35035E-13,5
0,0.137,1.5407E-13,1.35035E-13,6
0,0.13725,2.02424E-14,1.80165E-14,5
0,0.1375,2.02058E-14,1.80165E-14,3
0,0.13775,2.02058E-14,1.80165E-14,3
0,0.138,2.342E-15,2.34091E-15,2
0,0.13825,1.09284E-18,1.09284E-18,1
0,0.1385,0,0,0
0,0.13875,6.27275E-13,6.27275E-13,1
0,0.139,6.27282E-13,6.27275E-13,2
0,0.13925,2.05309E-11,1.98105E-11,4
0,0.1395,2.05309E-11,1.98105E-11,4
0,0.13975,2.05309E-11,1.98105E-11,4
0,0.14,2.05309E-11,1.98105E-11,4
0,0.14025,1.99036E-11,1.98006E-11,3
0,0.1405,2.33957E-11,2.00857E-11,5
0,0.14075,3.49324E-12,3.3722E-12,5
0,0.141,3.49385E-12,3.3722E-12,6
0,0.14125,3.49385E-12,3.3722E-12,6
0,0.1415,3.49385E-12,3.3722E-12,6
0,0.14175,3.49385E-12,3.3722E-12,6
0,0.142,1.71822E-15,9.93045E-16,3
0,0.14225,1.37819E-14,1.31866E-14,2
0,0.1425,1.31726E-14,1.31726E-14,1
0,0.14275,1.36877E-14,1.31826E-14,2
0,0.143,1.36894E-14,1.31826E-14,3
0,0.14325,1.36894E-14,1.31826E-14,3
0,0.1435,1.38855E-14,1.31841E-14,4
0,0.14375,7.12984E-16,5.51176E-16,3
0,0.144,7.12984E-16,5.51176E-16,3
0,0.14425,2.35194E-16,1.99636E-16,3
0,0.1445,1.16941E-13,9.80127E-14,5
0,0.14475,2.08324E-13,1.34004E-13,6
0,0.145,2.08127E-13,1.34004E-13,5
0,0.14525,1.77572E-12,1.57328E-12,7
0,0.1455,1.77572E-12,1.57328E-12,7
0,0.14575,1.77579E-12,1.57328E-12,7
0,0.146,1.65909E-12,1.57023E-12,4
0,0.14625,1.5677E-12,1.56757E-12,3
0,0.1465,1.5677E-12,1.56757E-12,3
0,0.14675,1.09818E-16,1.09818E-16,1
0,0.147,4.18988E-16,3.28094E-16,2
0,0.14725,3.0917E-16,3.0917E-16,1
0,0.1475,3.0917E-16,3.0917E-16,1
0,0.14775,3.0917E-16,3.0917E-16,1
0,0.148,3.0917E-16,3.0917E-16,1
0,0.14825,1.37417E-15,1.10896E-15,2
0,0.1485,1.065E-15,1.065E-15,1
0,0.14875,1.065E-15,1.065E-15,1
0,0.149,4.42386E-12,4.42279E-12,2
0,0.14925,4.42386E-12,4.42279E-12,3
0,0.1495,4.42386E-12,4.42279E-12,3
0,0.14975,4.42279E-12,4.42279E-12,2
0,0.15,4.42395E-12,4.42279E-12,3
0,0.15025,4.42395E-12,4.42279E-12,3
0,0.1505,1.15524E-15,1.15522E-15,2
0,0.15075,1.15522E-15,1.15522E-15,1
0,0.151,1.57399E-12,1.53437E-12,4
0,0.15125,1.57426E-12,1.53437E-12,5
0,0.1515,1.57311E-12,1.53437E-12,4
0,0.15175,1.57311E-12,1.53437E-12,4
0,0.152,1.57312E-12,1.53437E-12,5
0,0.15225,1.57312E-12,1.53437E-12,5
0,0.1525,2.88233E-16,2.76689E-16,2
0,0.15275,1.23106E-17,1.18069E-17,2
0,0.153,1.35427E-10,1.35408E-10,5
0,0.15325,1.35427E-10,1.35408E-10,5
0,0.1535,1.35434E-10,1.35408E-10,5
0,0.15375,1.35434E-10,1.35408E-10,6
0,0.154,1.35434E-10,1.35408E-10,6
0,0.15425,1.35435E-10,1.35408E-10,7
0,0.1545,7.93588E-15,6.66034E-15,4
0,0.15475,7.93588E-15,6.66034E-15,4
0,0.155,1.42229E-15,1.39051E-15,3
0,0.15525,1.19957E-12,1.19815E-12,3
0,0.1555,1.19957E-12,1.19815E-12,3
0,0.15575,1.92962E-12,1.40378E-12,2
0,0.156,1.92962E-12,1.40378E-12,2
0,0.15625,1.92987E-12,1.40378E-12,4
0,0.1565,1.92987E-12,1.40378E-12,4
0,0.15675,7.31716E-13,7.31466E-13,3
0,0.157,7.31716E-13,7.31466E-13,3
0,0.15725,2.50271E-16,2.02459E-16,2
0,0.1575,2.50271E-16,2.02459E-16,2
0,0.15775,9.08162E-16,8.94772E-16,2
0,0.158,9.08162E-16,8.94772E-16,2
0,0.15825,9.08162E-16,8.94772E-16,2
0,0.1585,1.63206E-14,1.54384E-14,3
0,0.15875,1.63206E-14,1.54384E-14,3
0,0.159,1.63206E-14,1.54384E-14,3
0,0.15925,1.1051E-13,9.50182E-14,4
0,0.1595,1.1051E-13,9.50182E-14,4
0,0.15975,1.10539E-13,9.50182E-14,5
0,0.16,9.51264E-14,9.376E-14,4
0,0.16025,9.51264E-14,9.376E-14,4
0,0.1605,1.09046E-13,9.47875E-14,5
0,0.16075,1.37267E-12,1.35879E-12,3
0,0.161,1.37267E-12,1.35879E-12,3
0,0.16125,1.38017E-12,1.35881E-12,3
0,0.1615,1.38017E-12,1.35881E-12,3
0,0.16175,1.43093E-12,1.35976E-12,4
0,0.162,1.53473E-12,1.36477E-12,4
0,0.16225,2.47554E-13,1.47003E-13,4
0,0.1625,2.47554E-13,1.47003E-13,4
0,0.16275,2.40026E-13,1.4681E-13,3
0,0.163,2.60858E-13,1.47554E-13,5
0,0.16325,2.10093E-13,1.38547E-13,4
0,0.1635,9.23714E-14,7.30549E-14,3
0,0.16375,1.48169E-11,1.47893E-11,4
0,0.164,1.48171E-11,1.47893E-11,5
0,0.16425,1.48171E-11,1.47893E-11,5
0,0.1645,1.48656E-11,1.47894E-11,4
0,0.16475,1.48656E-11,1.47894E-11,4
0,0.165,1.48656E-11,1.47894E-11,4
0,0.16525,1.29864E-13,9.18699E-14,3
0,0.1655,1.98252E-13,1.05589E-13,4
0,0.16575,1.98252E-13,1.05589E-13,4
0,0.166,1.28906E-13,7.96258E-14,4
0,0.16625,1.28906E-13,7.96258E-14,4
0,0.1665,1.28906E-13,7.96258E-14,4
0,0.16675,6.86467E-14,5.20498E-14,3
0,0.167,3.19647E-19,3.19647E-19,1
0,0.16725,3.19647E-19,3.19647E-19,1
0,0.1675,0,0,0
0,0.16775,0,0,0
0,0.168,0,0,0
0,0.16825,0,0,0
0,0.1685,2.46029E-16,2.46029E-16,1
0,0.16875,2.46029E-16,2.46029E-16,1
0,0.169,2.46029E-16,2.46029E-16,1
0,0.16925,2.46029E-16,2.46029E-16,1
0,0.1695,2.46029E-16,2.46029E-16,1
0,0.16975,2.46029E-16,2.46029E-16,1
0,0.17,0,0,0
0,0.17025,0,0,0
0,0.1705,0,0,0
0,0.17075,0,0,0
0,0.171,0,0,0
0,0.17125,0,0,0
0,0.1715,0,0,0
0,0.17175,0,0,0
0,0.172,1.04465E-11,1.04465E-11,1
0,0.17225,1.04465E-11,1.04465E-11,1
0,0.1725,1.04465E-11,1.04465E-11,1
0,0.17275,1.04465E-11,1.04465E-11,1
0,0.173,1.04465E-11,1.04465E-11,1
0,0.17325,1.04465E-11,1.04465E-11,2
0,0.1735,6.43393E-12,5.44549E-12,4
0,0.17375,6.43393E-12,5.44549E-12,5
0,0.174,6.43393E-12,5.44549E-12,5
0,0.17425,6.43393E-12,5.44549E-12,5
0,0.1745,6.43495E-12,5.44549E-12,6
0,0.17475,6.8953E-12,5.46488E-12,7
0,0.175,4.61379E-13,4.6007E-13,4
0,0.17525,8.07966E-12,7.63216E-12,4
0,0.1755,8.08001E-12,7.63216E-12,5
0,0.17575,8.08125E-12,7.63216E-12,6
0,0.176,8.26224E-12,7.63433E-12,6
0,0.17625,7.80275E-12,7.62046E-12,5
0,0.1765,7.80275E-12,7.62046E-12,5
0,0.17675,1.84468E-13,1.82018E-13,4
0,0.177,1.8412E-13,1.82017E-13,3
0,0.17725,1.82885E-13,1.82013E-13,2
0,0.1775,8.73967E-16,8.73967E-16,1
0,0.17775,0,0,0
0,0.178,2.01639E-19,2.01639E-19,1
0,0.17825,5.88512E-14,5.8851E-14,2
0,0.1785,5.88512E-14,5.8851E-14,2
0,0.17875,1.16374E-13,8.22934E-14,3
0,0.179,1.16374E-13,8.22934E-14,3
0,0.17925,1.16374E-13,8.22934E-14,3
0,0.1795,1.16373E-13,8.22934E-14,2
0,0.17975,5.75224E-14,5.75224E-14,1
0,0.18,1.77861E-13,1.28271E-13,3
0,0.18025,1.21035E-13,1.14653E-13,3
0,0.1805,1.21035E-13,1.14653E-13,3
0,0.18075,1.21035E-13,1.14653E-13,3
0,0.181,1.23325E-13,1.14676E-13,4
0,0.18125,1.23325E-13,1.14676E-13,4
0,0.1815,2.98575E-15,2.39353E-15,2
0,0.18175,4.72623E-14,4.50303E-14,2
0,0.182,4.72623E-14,4.50303E-14,2
0,0.18225,4.72623E-14,4.50303E-14,2
0,0.1825,4.50189E-14,4.4972E-14,2
0,0.18275,4.50189E-14,4.4972E-14,2
0,0.183,4.50189E-14,4.4972E-14,3
0,0.18325,4.68557E-17,4.68543E-17,2
0,0.1835,4.68557E-17,4.68543E-17,2
0,0.18375,4.68557E-17,4.68543E-17,2
0,0.184,1.43271E-21,1.43271E-21,1
0,0.18425,1.43271E-21,1.43271E-21,1
0,0.1845,0,0,0
0,0.18475,0,0,0
0,0.185,0,0,0
0,0.18525,1.3777E-15,1.3777E-15,1
0,0.1855,1.3777E-15,1.3777E-15,1
0,0.18575,1.3777E-15,1.3777E-15,1
0,0.186,1.3777E-15,1.3777E-15,1
0,0.18625,1.3777E-15,1.3777E-15,1
0,0.1865,5.47088E-13,5.45712E-13,2
0,0.18675,5.4571E-13,5.4571E-13,1
0,0.187,5.4571E-13,5.4571E-13,1
0,0.18725,6.63775E-13,5.58334E-13,2
0,0.1875,6.63775E-13,5.58334E-13,2
0,0.18775,6.63775E-13,5.58334E-13,2
0,0.188,1.18065E-13,1.18065E-13,1
0,0.18825,1.18065E-13,1.18065E-13,1
0,0.1885,1.18065E-13,1.18065E-13,1
0,0.18875,0,0,0
0,0.189,0,0,0
0,0.18925,0,0,0
0,0.1895,0,0,0
0,0,0,0,0
0,0.00025,0,0,0
0,0.0005,0,0,0
0,0.00075,0,0,0
0,0.001,0,0,0
0,0.00125,0,0,0
0,0.0015,0,0,0
0,0.00175,0,0,0
0,0.002,0,0,0
0,0.00225,0,0,0
0,0.0025,0,0,0
0,0.00275,0,0,0
0,0.003,0,0,0
0,0.00325,0,0,0
0,0.0035,0,0,0
0,0.00375,0,0,0
0,0.004,0,0,0
0,0.00425,0,0,0
0,0.0045,0,0,0
0,0.00475,0,0,0
0,0.005,0,0,0
0,0.00525,0,0,0
0,0.0055,0,0,0
0,0.00575,0,0,0
0,0.006,0,0,0
0,0.00625,0,0,0
0,0.0065,0,0,0
0,0.00675,0,0,0
0,0.007,0,0,0
0,0.00725,0,0,0
0,0.0075,0,0,0
0,0.00775,0,0,0
0,0.008,0,0,0
0,0.00825,0,0,0
0,0.0085,0,0,0
0,0.00875,0,0,0
0,0.009,0,0,0
0,0.00925,0,0,0
0,0.0095,2.54448E-10,2.54448E-10,1
0,0.00975,2.54448E-10,2.54448E-10,1
0,0.01,2.32731E-08,2.302E-08,2
0,0.01025,2.32731E-08,2.302E-08,2
0,0.0105,2.63653E-08,2.32268E-08,3
0,0.01075,2.80653E-08,2.32889E-08,4
0,0.011,2.78108E-08,2.32875E-08,3
0,0.01125,3.71338E-08,2.50842E-08,4
0,0.0115,1.41152E-08,9.96836E-09,3
0,0.01175,1.42848E-08,9.9698E-09,4
0,0.012,1.1201E-08,9.47817E-09,4
0,0.01225,1.8426E-08,1.06375E-08,8
0,0.0125,1.8426E-08,1.06375E-08,8
0,0.01275,1.67701E-08,9.13554E-09,10
0,0.013,1.67701E-08,9.13554E-09,10
0,0.01325,1.66004E-08,9.13397E-09,9
0,0.0135,1.84764E-08,9.32476E-09,10
0,0.01375,9.5514E-09,7.79361E-09,5
0,0.014,1.05405E-08,7.82566E-09,7
0,0.01425,3.16235E-09,2.021E-09,6
0,0.0145,4.15226E-09,2.2504E-09,7
0,0.01475,5.28431E-09,2.4449E-09,9
0,0.015,3.40695E-09,1.56695E-09,8
0,0.01525,3.40695E-09,1.56695E-09,8
0,0.0155,2.99954E-09,1.46216E-09,8
0,0.01575,6.97313E-09,3.58686E-09,10
0,0.016,7.78965E-09,3.75182E-09,12
0,0.01625,7.11414E-09,3.65316E-09,12
0,0.0165,1.05069E-08,4.37313E-09,13
0,0.01675,1.05199E-08,4.37314E-09,15
0,0.017,1.1535E-08,4.63272E-09,15
0,0.01725,1.05277E-08,4.08146E-09,16
0,0.0175,1.31756E-08,5.85619E-09,15
0,0.01775,1.44879E-08,6.04319E-09,17
0,0.018,1.15838E-08,5.56202E-09,20
0,0.01825,1.54681E-08,6.1621E-09,22
0,0.0185,1.52207E-08,6.00335E-09,25
0,0.01875,1.66959E-08,6.00894E-09,29
0,0.019,1.44419E-08,4.33151E-09,31
0,0.01925,1.57656E-08,4.78731E-09,31
0,0.0195,1.61071E-08,4.82913E-09,30
0,0.01975,1.41132E-08,4.38748E-09,29
0,0.02,1.31364E-08,4.33114E-09,27
0,0.02025,1.50573E-08,6.01579E-09,28
0,0.0205,1.56129E-08,6.29599E-09,32
0,0.02075,1.43752E-08,5.8744E-09,32
0,0.021,1.57086E-08,5.90854E-09,37
0,0.02125,1.8717E-08,6.85119E-09,38
0,0.0215,1.97586E-08,6.88056E-09,42
0,0.02175,1.47164E-08,5.0688E-09,35
0,0.022,1.66023E-08,4.82167E-09,37
0,0.02225,1.62556E-08,4.7602E-09,40
0,0.0225,1.54915E-08,4.71475E-09,37
0,0.02275,1.25354E-08,2.99359E-09,47
0,0.023,1.29478E-08,3.0979E-09,48
0,0.02325,1.25876E-08,2.89261E-09,54
0,0.0235,1.16229E-08,3.53776E-09,52
0,0.02375,1.35496E-08,3.71391E-09,57
0,0.024,1.76999E-08,4.46605E-09,61
0,0.02425,2.17185E-08,6.18294E-09,53
0,0.0245,2.2014E-08,6.32793E-09,56
0,0.02475,2.5436E-08,6.76549E-09,54
0,0.025,2.57174E-08,6.62598E-09,53
0,0.02525,2.25611E-08,6.46952E-09,46
0,0.0255,1.92152E-08,6.00031E-09,48
0,0.02575,1.50533E-08,4.06369E-09,53
0,0.026,1.56833E-08,4.04944E-09,50
0,0.02625,1.32533E-08,3.42064E-09,53
0,0.0265,1.53932E-08,5.85571E-09,55
0,0.02675,1.56019E-08,5.85252E-09,64
0,0.027,1.80789E-08,6.78347E-09,65
0,0.02725,1.92533E-08,6.97596E-09,59
0,0.0275,1.91096E-08,6.95112E-09,66
0,0.02775,2.25075E-08,7.25993E-09,64
0,0.028,1.94217E-08,5.21899E-09,70
0,0.02825,2.1005E-08,5.32616E-09,64
0,0.0285,1.98772E-08,4.60472E-09,60
0,0.02875,1.85743E-08,4.45235E-09,63
0,0.029,1.64462E-08,4.17142E-09,60
0,0.02925,1.94751E-08,7.53468E-09,66
0,0.0295,2.01237E-08,7.61466E-09,64
0,0.02975,2.00319E-08,7.67605E-09,66
0,0.03,1.73795E-08,7.3274E-09,71
0,0.03025,1.77094E-08,7.26734E-09,76
0,0.0305,2.18023E-08,7.81654E-09,82
0,0.03075,1.63345E-08,4.58519E-09,76
0,0.031,1.39738E-08,4.15561E-09,73
0,0.03125,1.41063E-08,4.02568E-09,74
0,0.0315,1.53523E-08,4.18461E-09,71
0,0.03175,1.54058E-08,4.28285E-09,67
0,0.032,1.15833E-08,3.17456E-09,62
0,0.03225,9.81341E-09,2.28681E-09,67
0,0.0325,8.69453E-09,2.21512E-09,63
0,0.03275,9.61668E-09,3.2665E-09,66
0,0.033,7.81494E-09,3.03304E-09,67
0,0.03325,7.27072E-09,2.93201E-09,63
0,0.0335,8.98145E-09,3.34956E-09,58
0,0.03375,8.69704E-09,3.36685E-09,56
0,0.034,8.74135E-09,3.36823E-09,56
0,0.03425,6.24423E-09,2.15489E-09,49
0,0.0345,6.56328E-09,2.18347E-09,45
0,0.03475,6.26844E-09,1.99506E-09,51
0,0.035,4.57893E-09,1.22566E-09,49
0,0.03525,5.28335E-09,1.33247E-09,50
0,0.0355,6.50385E-09,1.62825E-09,54
0,0.03575,7.30212E-09,1.81554E-09,52
0,0.036,6.88291E-09,1.76542E-09,52
0,0.03625,9.95486E-09,3.29635E-09,50
0,0.0365,1.00472E-08,3.29545E-09,50
0,0.03675,8.49394E-09,3.16624E-09,47
0,0.037,7.47258E-09,3.0342E-09,44
0,0.03725,6.161E-09,2.90842E-09,43
0,0.0375,7.88038E-09,3.15036E-09,45
0,0.03775,3.63447E-09,1.35086E-09,39
0,0.038,2.91574E-09,1.26839E-09,40
0,0.03825,2.82545E-09,1.26282E-09,39
0,0.0385,2.59535E-09,1.23538E-09,39
0,0.03875,2.70282E-09,1.23868E-09,41
0,0.039,9.74668E-10,2.60473E-10,44
0,0.03925,1.65857E-09,4.7209E-10,48
0,0.0395,2.31726E-09,7.44612E-10,49
0,0.03975,2.44606E-09,7.64991E-10,49
0,0.04,2.26557E-09,7.52788E-10,47
0,0.04025,3.54191E-09,1.29322E-09,46
0,0.0405,4.25937E-09,1.37222E-09,42
0,0.04075,4.33085E-09,1.43787E-09,44
0,0.041,4.17045E-09,1.36494E-09,46
0,0.04125,4.54904E-09,1.44213E-09,47
0,0.0415,4.80445E-09,1.4477E-09,52
0,0.04175,3.59301E-09,9.96884E-10,55
0,0.042,2.87689E-09,9.05815E-10,51
0,0.04225,2.72693E-09,7.96296E-10,50
0,0.0425,3.04044E-09,1.05992E-09,48
0,0.04275,2.85085E-09,9.67772E-10,50
0,0.043,3.06765E-09,9.87692E-10,49
0,0.04325,2.92639E-09,9.82477E-10,48
0,0.0435,3.99202E-09,1.62073E-09,48
0,0.04375,3.9954E-09,1.64E-09,47
0,0.044,5.68031E-09,2.97266E-09,43
0,0.04425,5.37548E-09,2.96375E-09,40
0,0.0445,2.2041E-08,1.5901E-08,41
0,0.04475,2.20812E-08,1.59011E-08,38
0,0.045,2.8222E-08,1.71143E-08,42
0,0.04525,2.824E-08,1.71141E-08,43
0,0.0455,2.58186E-08,1.69156E-08,48
0,0.04575,2.61108E-08,1.69192E-08,53
0,0.046,9.54558E-09,6.50204E-09,53
0,0.04625,9.62694E-09,6.50219E-09,57
0,0.0465,2.23461E-09,7.13487E-10,51
0,0.04675,2.0343E-09,6.36813E-10,52
0,0.047,1.95215E-09,6.29533E-10,48
0,0.04725,2.24629E-09,8.53266E-10,39
0,0.0475,2.88927E-09,1.29876E-09,38
0,0.04775,2.87781E-09,1.29938E-09,39
0,0.048,3.20121E-09,1.33061E-09,42
0,0.04825,2.95143E-09,1.29774E-09,50
0,0.0485,2.95515E-09,1.29882E-09,57
0,0.04875,2.20437E-09,1.10064E-09,57
0,0.049,1.09835E-09,3.62691E-10,54
0,0.04925,1.30009E-09,4.01846E-10,59
0,0.0495,9.92929E-10,2.81752E-10,58
0,0.04975,1.99387E-09,8.88003E-10,48
0,0.05,1.9098E-09,8.83377E-10,43
0,0.05025,2.21652E-09,9.11345E-10,49
0,0.0505,3.86038E-09,1.42708E-09,53
0,0.05075,3.53825E-09,1.41368E-09,47
0,0.051,3.63829E-09,1.41628E-09,54
0,0.05125,3.27992E-09,1.21907E-09,57
0,0.0515,3.8821E-09,1.27647E-09,58
0,0.05175,3.82756E-09,1.27738E-09,54
0,0.052,2.05961E-09,6.47119E-10,44
0,0.05225,2.67795E-09,8.44596E-10,46
0,0.0525,2.81095E-09,8.62013E-10,39
0,0.05275,2.86731E-09,1.00716E-09,38
0,0.053,2.24183E-09,9.32812E-10,38
0,0.05325,2.00812E-09,9.0452E-10,36
0,0.0535,5.6247E-09,2.21297E-09,54
0,0.05375,5.30757E-09,2.1671E-09,54
0,0.054,5.76262E-09,2.211E-09,57
0,0.05425,5.12715E-09,2.10654E-09,55
0,0.0545,5.57555E-09,2.14764E-09,56
0,0.05475,5.8231E-09,2.15574E-09,63
0,0.055,2.82525E-09,8.86729E-10,53
0,0.05525,2.78306E-09,8.72029E-10,47
0,0.0555,2.174E-09,7.37083E-10,45
0,0.05575,2.54379E-09,8.6998E-10,44
0,0.056,2.64096E-09,8.60195E-10,44
0,0.05625,2.46265E-09,8.41783E-10,42
0,0.0565,2.30192E-09,7.518E-10,45
0,0.05675,2.06717E-09,7.06089E-10,46
0,0.057,2.29896E-09,7.44347E-10,46
0,0.05725,1.84277E-09,5.79275E-10,46
0,0.0575,1.47664E-09,4.35651E-10,45
0,0.05775,1.55187E-09,4.59876E-10,43
0,0.058,1.27882E-09,3.81318E-10,41
0,0.05825,1.21214E-09,3.78996E-10,41
0,0.0585,1.28874E-09,3.73378E-10,44
0,0.05875,1.65137E-09,4.83714E-10,47
0,0.059,2.76917E-09,1.40511E-09,45
0,0.05925,2.62655E-09,1.39601E-09,49
0,0.0595,2.48068E-09,1.39319E-09,45
0,0.05975,3.00428E-09,1.48382E-09,45
0,0.06,2.66683E-09,1.4643E-09,45
0,0.06025,2.70027E-09,1.48126E-09,43
0,0.0605,2.09348E-09,8.13414E-10,46
0,0.06075,2.25609E-09,8.21788E-10,47
0,0.061,2.36182E-09,8.25128E-10,50
0,0.06125,1.90295E-09,6.49363E-10,51
0,0.0615,2.22239E-09,6.95554E-10,48
0,0.06175,1.80321E-09,5.78874E-10,47
0,0.062,1.49122E-09,4.99273E-10,47
0,0.06225,1.47313E-09,5.27905E-10,39
0,0.0625,2.43984E-09,8.84756E-10,40
0,0.06275,2.40865E-09,8.8418E-10,39
0,0.063,2.25521E-09,8.6139E-10,40
0,0.06325,2.46712E-09,8.93004E-10,43
0,0.0635,2.139E-09,8.16221E-10,41
0,0.06375,1.92856E-09,7.88067E-10,39
0,0.064,1.55249E-09,6.02822E-10,40
0,0.06425,1.8268E-09,6.59852E-10,43
0,0.0645,1.98562E-09,6.78323E-10,48
0,0.06475,1.78209E-09,6.34914E-10,45
0,0.065,2.78427E-09,1.19691E-09,48
0,0.06525,2.82677E-09,1.19731E-09,55
0,0.0655,4.19734E-09,2.24101E-09,52
0,0.06575,3.88831E-09,2.22476E-09,45
0,0.066,4.04386E-09,2.24667E-09,41
0,0.06625,3.89252E-09,2.24256E-09,41
0,0.0665,3.01569E-09,2.00325E-09,39
0,0.06675,2.97007E-09,2.003E-09,31
0,0.067,1.3048E-09,5.02481E-10,35
0,0.06725,1.93433E-09,7.26049E-10,41
0,0.0675,1.39516E-09,6.12461E-10,41
0,0.06775,1.8874E-09,8.12266E-10,36
0,0.068,1.70414E-09,8.02239E-10,32
0,0.06825,1.92305E-09,8.29725E-10,35
0,0.0685,1.769E-09,8.10944E-10,33
0,0.06875,1.27486E-09,6.22201E-10,37
0,0.069,1.41802E-09,6.43685E-10,38
0,0.06925,1.09776E-09,4.04582E-10,45
0,0.0695,1.13129E-09,4.04877E-10,52
0,0.06975,1.13268E-09,3.73824E-10,61
0,0.07,9.02345E-10,3.03089E-10,53
0,0.07025,9.37028E-10,3.25018E-10,48
0,0.0705,7.61774E-10,2.79511E-10,45
0,0.07075,8.5795E-10,3.07031E-10,43
0,0.071,9.34843E-10,3.15188E-10,38
0,0.07125,7.6728E-10,2.83706E-10,30
0,0.0715,7.74472E-10,2.79941E-10,36
0,0.07175,6.35517E-10,2.46234E-10,40
0,0.072,1.45969E-09,8.62648E-10,45
0,0.07225,1.23339E-09,8.35193E-10,44
0,0.0725,1.71616E-09,1.03585E-09,41
0,0.07275,1.66744E-09,1.035E-09,45
0,0.073,1.65628E-09,1.03539E-09,42
0,0.07325,1.6454E-09,1.03536E-09,38
0,0.0735,7.89328E-10,6.22749E-10,32
0,0.07375,7.07822E-10,6.19365E-10,32
0,0.074,9.38969E-11,4.62723E-11,33
0,0.07425,9.48111E-10,7.8616E-10,30
0,0.0745,9.29709E-10,7.85284E-10,34
0,0.07475,9.7267E-10,7.86462E-10,34
0,0.075,1.04887E-09,7.87982E-10,33
0,0.07525,1.22655E-09,8.07027E-10,41
0,0.0755,1.32234E-09,8.11676E-10,45
0,0.07575,4.83115E-10,2.08421E-10,45
0,0.076,4.77521E-10,2.08216E-10,46
0,0.07625,6.66131E-10,2.97478E-10,43
0,0.0765,6.20062E-10,2.94496E-10,47
0,0.07675,4.80716E-10,2.39627E-10,38
0,0.077,7.62528E-10,4.12313E-10,36
0,0.07725,7.44867E-10,4.11616E-10,36
0,0.0775,7.7012E-10,4.12998E-10,31
0,0.07775,5.28946E-10,3.5141E-10,34
0,0.078,9.01735E-10,4.5594E-10,33
0,0.07825,8.83129E-10,4.55023E-10,34
0,0.0785,1.06016E-09,6.21581E-10,36
0,0.07875,1.11811E-09,6.22984E-10,41
0,0.079,1.16832E-09,6.24703E-10,45
0,0.07925,1.26691E-09,6.28674E-10,43
0,0.0795,9.19462E-10,5.58267E-10,44
0,0.07975,9.94415E-10,5.60845E-10,46
0,0.08,6.24075E-10,1.8489E-10,48
0,0.08025,5.67869E-10,1.80069E-10,44
0,0.0805,4.97228E-10,1.71455E-10,44
0,0.08075,3.88072E-10,1.56068E-10,43
0,0.081,4.59859E-10,1.87742E-10,41
0,0.08125,4.05292E-10,1.83493E-10,41
0,0.0815,3.60713E-10,1.49273E-10,36
0,0.08175,4.94657E-10,1.7652E-10,39
0,0.082,4.69822E-10,1.74829E-10,33
0,0.08225,5.74404E-10,1.85346E-10,37
0,0.0825,4.73168E-10,1.50467E-10,38
0,0.08275,5.9543E-10,1.75536E-10,40
0,0.083,2.56493E-09,1.43001E-09,48
0,0.08325,3.07125E-09,1.56624E-09,43
0,0.0835,3.25768E-09,1.57638E-09,48
0,0.08375,4.00912E-09,1.6905E-09,51
0,0.084,4.82555E-09,1.88762E-09,48
0,0.08425,4.67814E-09,1.88512E-09,43
0,0.0845,2.61577E-09,1.23829E-09,37
0,0.08475,2.12938E-09,1.06153E-09,42
0,0.085,1.99089E-09,1.04754E-09,39
0,0.08525,1.1412E-09,8.4895E-10,34
0,0.0855,5.96626E-10,2.11867E-10,39
0,0.08575,1.0569E-09,4.88019E-10,45
0,0.086,1.01598E-09,4.86697E-10,45
0,0.08625,8.74355E-10,4.75963E-10,42
0,0.0865,8.93281E-10,4.7768E-10,44
0,0.08675,8.9187E-10,4.77665E-10,44
0,0.087,5.93872E-10,4.44949E-10,40
0,0.08725,1.42355E-10,6.83216E-11,37
0,0.0875,1.86398E-10,7.91325E-11,38
0,0.08775,2.5568E-10,1.15491E-10,37
0,0.088,1.87872E-10,9.66245E-11,37
0,0.08825,2.64918E-10,1.24361E-10,35
0,0.0885,3.84661E-10,1.67559E-10,34
0,0.08875,3.79383E-10,1.67477E-10,34
0,0.089,4.25117E-10,1.70532E-10,35
0,0.08925,3.60435E-10,1.48537E-10,36
0,0.0895,1.19215E-09,7.94349E-10,36
0,0.08975,1.11155E-09,7.90479E-10,37
0,0.09,1.01797E-09,7.82946E-10,37
0,0.09025,9.98139E-10,7.82802E-10,35
0,0.0905,8.9645E-10,7.81039E-10,30
0,0.09075,1.18359E-09,8.39881E-10,26
0,0.091,7.90197E-10,5.1656E-10,30
0,0.09125,8.18886E-10,5.16972E-10,33
0,0.0915,9.99602E-10,5.30556E-10,39
0,0.09175,1.13597E-09,5.42949E-10,40
0,0.092,1.14133E-09,5.42965E-10,45
0,0.09225,8.39638E-10,4.46309E-10,50
0,0.0925,4.50933E-10,1.78279E-10,44
0,0.09275,5.47043E-10,1.86962E-10,48
0,0.093,3.81625E-10,1.47087E-10,42
0,0.09325,2.5071E-10,9.1468E-11,41
0,0.0935,3.76986E-10,1.3287E-10,38
0,0.09375,7.19455E-10,2.54997E-10,42
0,0.094,6.82601E-10,2.4932E-10,44
0,0.09425,6.81951E-10,2.57595E-10,39
0,0.0945,6.66483E-10,2.54853E-10,43
0,0.09475,6.92258E-10,2.56547E-10,44
0,0.095,5.63674E-10,2.37742E-10,45
0,0.09525,2.13698E-10,9.55463E-11,37
0,0.0955,3.04318E-10,1.41367E-10,36
0,0.09575,1.83961E-10,1.10455E-10,35
0,0.096,1.56696E-10,1.09249E-10,33
0,0.09625,1.80995E-10,1.14499E-10,32
0,0.0965,2.71548E-10,1.32056E-10,35
0,0.09675,2.69049E-10,1.32003E-10,33
0,0.097,1.93774E-10,8.76947E-11,32
0,0.09725,2.40509E-10,9.66866E-11,33
0,0.0975,2.92666E-10,1.02892E-10,38
0,0.09775,2.67319E-10,9.66678E-11,37
0,0.098,1.81611E-10,7.10934E-11,32
0,0.09825,2.30314E-10,7.9941E-11,34
0,0.0985,3.68336E-10,1.86388E-10,34
0,0.09875,4.10884E-10,2.02339E-10,35
0,0.099,3.87199E-10,2.00286E-10,29
0,0.09925,3.71724E-10,1.9834E-10,34
0,0.0995,1.16115E-09,6.63892E-10,34
0,0.09975,1.12566E-09,6.62972E-10,35
0,0.1,1.25023E-09,7.05106E-10,35
0,0.10025,1.18284E-09,6.99744E-10,36
0,0.1005,1.15544E-09,6.9945E-10,35
0,0.10075,1.14049E-09,6.99407E-10,32
0,0.101,3.82883E-10,2.98544E-10,32
0,0.10125,3.71515E-10,2.98361E-10,32
0,0.1015,7.63432E-11,4.2063E-11,32
0,0.10175,8.05836E-11,4.22771E-11,29
0,0.102,1.129E-10,5.07498E-11,31
0,0.10225,1.54467E-10,6.01943E-11,31
0,0.1025,1.14374E-10,4.69293E-11,28
0,0.10275,1.21777E-10,4.75319E-11,30
0,0.103,1.2451E-10,4.76603E-11,32
0,0.10325,9.40924E-11,4.38146E-11,31
0,0.1035,6.03963E-11,3.3623E-11,30
0,0.10375,1.8215E-11,9.08032E-12,25
0,0.104,1.85815E-11,9.0914E-12,26
0,0.10425,2.41051E-11,1.70417E-11,20
0,0.1045,6.31054E-11,4.73707E-11,18
0,0.10475,6.21363E-11,4.7362E-11,16
0,0.105,6.21566E-11,4.73621E-11,14
0,0.10525,6.24936E-11,4.73634E-11,16
0,0.1055,6.18527E-11,4.73603E-11,14
0,0.10575,5.06089E-11,4.45338E-11,17
0,0.106,8.35675E-12,4.13781E-12,16
0,0.10625,7.87822E-11,6.95937E-11,19
0,0.1065,1.01631E-10,7.30348E-11,20
0,0.10675,1.01519E-10,7.30344E-11,19
0,0.107,1.62062E-10,9.47464E-11,22
0,0.10725,1.5871E-10,9.46822E-11,21
0,0.1075,1.56277E-10,9.46662E-11,19
0,0.10775,8.64046E-11,6.43112E-11,16
0,0.108,6.49788E-11,6.03915E-11,18
0,0.10825,6.86632E-11,6.05195E-11,19
0,0.1085,8.50129E-12,4.4498E-12,16
0,0.10875,7.69906E-12,4.38902E-12,15
0,0.109,9.45705E-12,4.59534E-12,17
0,0.10925,9.19059E-12,4.56984E-12,18
0,0.1095,8.10594E-12,4.37521E-12,15
0,0.10975,4.56269E-12,1.94042E-12,15
0,0.11,4.16034E-12,1.89825E-12,15
0,0.11025,1.28634E-10,1.25629E-10,14
0,0.1105,1.26876E-10,1.25622E-10,11
0,0.11075,1.48869E-10,1.27582E-10,9
0,0.111,1.48325E-10,1.27581E-10,7
0,0.11125,1.53076E-10,1.27684E-10,6
0,0.1115,1.53536E-10,1.27685E-10,7
0,0.11175,2.99508E-11,2.29288E-11,8
0,0.112,3.03786E-11,2.29314E-11,10
0,0.11225,8.09642E-12,5.41813E-12,9
0,0.1125,1.38896E-11,6.79216E-12,12
0,0.11275,1.05927E-11,4.68735E-12,13
0,0.113,1.05179E-11,4.68171E-12,13
0,0.11325,1.90007E-11,1.14015E-11,13
0,0.1135,1.86263E-11,1.13962E-11,13
0,0.11375,1.86276E-11,1.13962E-11,14
0,0.114,1.28154E-11,1.06347E-11,10
0,0.11425,1.17596E-11,1.05458E-11,11
0,0.1145,1.2383E-11,1.0587E-11,10
0,0.11475,1.86601E-12,1.22944E-12,8
0,0.115,1.96702E-11,1.78998E-11,7
0,0.11525,2.26413E-10,2.07518E-10,7
0,0.1155,2.26611E-10,2.07518E-10,10
0,0.11575,2.27302E-10,2.07522E-10,7
0,0.116,2.51789E-10,2.09056E-10,9
0,0.11625,2.86421E-10,2.1141E-10,12
0,0.1165,2.68615E-10,2.10654E-10,12
0,0.11675,6.20589E-11,4.04019E-11,12
0,0.117,6.18611E-11,4.04016E-11,9
0,0.11725,4.86632E-10,4.25729E-10,11
0,0.1175,4.61136E-10,4.24977E-10,8
0,0.11775,4.38349E-10,4.23976E-10,6
0,0.118,4.397E-10,4.23978E-10,7
0,0.11825,4.39534E-10,4.23978E-10,7
0,0.1185,4.47128E-10,4.24032E-10,9
0,0.11875,2.08634E-11,1.37004E-11,6
0,0.119,3.79083E-11,2.18647E-11,9
0,0.11925,2.60794E-11,1.83789E-11,9
0,0.1195,2.71534E-11,1.84983E-11,10
0,0.11975,2.71319E-11,1.84983E-11,9
0,0.12,4.3357E-11,2.41307E-11,10
0,0.12025,4.3357E-11,2.41307E-11,11
0,0.1205,2.63334E-11,1.70859E-11,9
0,0.12075,4.2387E-11,2.34515E-11,10
0,0.121,3.99657E-11,2.33204E-11,8
0,0.12125,3.99657E-11,2.33204E-11,8
0,0.1215,2.39788E-11,1.78717E-11,9
0,0.12175,2.40001E-11,1.78717E-11,10
0,0.122,2.39789E-11,1.78717E-11,9
0,0.12225,1.15255E-11,8.58451E-12,9
0,0.1225,1.14698E-11,8.58433E-12,8
0,0.12275,1.14698E-11,8.58433E-12,8
0,0.123,3.63718E-12,3.51368E-12,4
0,0.12325,5.22531E-12,3.86454E-12,4
0,0.1235,5.22531E-12,3.86454E-12,4
0,0.12375,7.31847E-11,5.97609E-11,5
0,0.124,7.31847E-11,5.97609E-11,5
0,0.12425,7.31848E-11,5.97609E-11,6
0,0.1245,7.31956E-11,5.97609E-11,7
0,0.12475,7.16573E-11,5.97393E-11,6
0,0.125,7.17051E-11,5.97393E-11,8
0,0.12525,1.29835E-13,8.63801E-14,5
0,0.1255,1.29835E-13,8.63801E-14,5
0,0.12575,1.40474E-13,8.70457E-14,5
0,0.126,1.29701E-13,8.63765E-14,4
0,0.12625,6.56224E-14,4.93607E-14,5
0,0.1265,1.78398E-14,1.21789E-14,4
0,0.12675,5.91359E-13,5.73649E-13,5
0,0.127,9.68795E-12,9.11466E-12,6
0,0.12725,9.67721E-12,9.11465E-12,5
0,0.1275,9.67751E-12,9.11465E-12,7
0,0.12775,9.67047E-12,9.11465E-12,5
0,0.128,1.22038E-11,9.42478E-12,7
0,0.12825,1.16302E-11,9.40732E-12,6
0,0.1285,2.53423E-12,2.39794E-12,6
0,0.12875,2.53423E-12,2.39794E-12,6
0,0.129,4.73607E-12,2.87059E-12,7
0,0.12925,1.6211E-11,1.18285E-11,8
0,0.1295,1.36778E-11,1.15829E-11,6
0,0.12975,1.38366E-11,1.15837E-11,9
0,0.13,1.3836E-11,1.15837E-11,8
0,0.13025,1.3836E-11,1.15837E-11,8
0,0.1305,1.16935E-11,1.14759E-11,6
0,0.13075,1.13208E-12,9.26202E-13,6
0,0.131,1.20657E-12,9.29207E-13,6
0,0.13125,1.0493E-12,9.18431E-13,5
0,0.1315,1.0493E-12,9.18431E-13,5
0,0.13175,1.13757E-12,9.22662E-13,6
0,0.132,1.07796E-12,9.20732E-13,7
0,0.13225,2.27366E-13,1.3161E-13,7
0,0.1325,2.83204E-13,1.69643E-13,7
0,0.13275,5.93464E-13,3.54832E-13,7
0,0.133,7.40599E-13,3.84126E-13,8
0,0.13325,6.52326E-13,3.73847E-13,7
0,0.1335,6.52278E-13,3.73847E-13,5
0,0.13375,1.04898E-12,5.89067E-13,5
0,0.134,1.16261E-12,6.05683E-13,8
0,0.13425,8.50842E-13,5.19353E-13,6
0,0.1345,7.07258E-13,4.9809E-13,6
0,0.13475,7.0726E-13,4.9809E-13,7
0,0.135,1.2406E-12,7.29751E-13,8
0,0.13525,7.84539E-13,5.66887E-13,9
0,0.1355,5.4039E-13,5.33361E-13,5
0,0.13575,1.00231E-11,9.44601E-12,7
0,0.136,1.00196E-11,9.446E-12,6
0,0.13625,3.1431E-11,2.34024E-11,6
0,0.1365,3.08986E-11,2.33963E-11,7
0,0.13675,3.08953E-11,2.33963E-11,6
0,0.137,3.08953E-11,2.33963E-11,6
0,0.13725,2.14125E-11,2.14115E-11,4
0,0.1375,2.14125E-11,2.14115E-11,6
0,0.13775,6.20608E-12,5.70834E-12,8
0,0.138,6.20518E-12,5.70834E-12,6
0,0.13825,6.20503E-12,5.70834E-12,5
0,0.1385,6.20503E-12,5.70834E-12,5
0,0.13875,6.20532E-12,5.70834E-12,6
0,0.139,6.20532E-12,5.70834E-12,4
0,0.13925,2.95093E-16,2.95093E-16,1
0,0.1395,1.34051E-12,1.31902E-12,3
0,0.13975,1.34051E-12,1.31902E-12,3
0,0.14,1.34066E-12,1.31902E-12,4
0,0.14025,1.34037E-12,1.31902E-12,3
0,0.1405,1.34037E-12,1.31902E-12,3
0,0.14075,1.34037E-12,1.31902E-12,3
0,0.141,1.58874E-13,1.5872E-13,2
0,0.14125,1.59514E-13,1.58721E-13,3
0,0.1415,1.5936E-13,1.58721E-13,2
0,0.14175,1.5936E-13,1.58721E-13,2
0,0.142,1.5936E-13,1.58721E-13,2
0,0.14225,2.27739E-13,1.65924E-13,4
0,0.1425,6.90197E-14,4.83616E-14,4
0,0.14275,6.83795E-14,4.83574E-14,3
0,0.143,6.83795E-14,4.83574E-14,3
0,0.14325,6.98809E-14,4.83705E-14,5
0,0.1435,7.38795E-14,4.85354E-14,6
0,0.14375,5.50071E-15,4.15364E-15,4
0,0.144,5.49997E-15,4.15364E-15,3
0,0.14425,5.49997E-15,4.15364E-15,3
0,0.1445,5.49997E-15,4.15364E-15,3
0,0.14475,4.18622E-15,4.003E-15,2
0,0.145,1.87622E-16,1.87622E-16,1
0,0.14525,1.87622E-16,1.87622E-16,1
0,0.1455,1.87622E-16,1.87622E-16,1
0,0.14575,1.02614E-13,1.02427E-13,2
0,0.146,2.73178E-13,1.86666E-13,4
0,0.14625,2.7299E-13,1.86666E-13,3
0,0.1465,2.7299E-13,1.86666E-13,3
0,0.14675,2.7299E-13,1.86666E-13,3
0,0.147,2.7299E-13,1.86666E-13,3
0,0.14725,1.70563E-13,1.56055E-13,2
0,0.1475,0,0,0
0,0.14775,0,0,0
0,0.148,0,0,0
0,0.14825,2.57102E-13,2.57102E-13,1
0,0.1485,2.57174E-13,2.57102E-13,2
0,0.14875,2.57174E-13,2.57102E-13,2
0,0.149,2.57174E-13,2.57102E-13,2
0,0.14925,2.57174E-13,2.57102E-13,2
0,0.1495,2.57174E-13,2.57102E-13,2
0,0.14975,5.20809E-13,5.15261E-13,3
0,0.15,5.20737E-13,5.15261E-13,2
0,0.15025,5.20749E-13,5.15261E-13,3
0,0.1505,5.20986E-13,5.15261E-13,4
0,0.15075,5.20986E-13,5.15261E-13,4
0,0.151,7.08957E-13,5.48475E-13,5
0,0.15125,1.8822E-13,1.87971E-13,3
0,0.1515,1.8822E-13,1.87971E-13,3
0,0.15175,1.88208E-13,1.87971E-13,2
0,0.152,1.87971E-13,1.87971E-13,1
0,0.15225,1.87971E-13,1.87971E-13,1
0,0.1525,0,0,0
0,0.15275,0,0,0
0,0.153,0,0,0
0,0.15325,4.10431E-13,4.09013E-13,2
0,0.1535,4.11798E-13,4.09015E-13,3
0,0.15375,4.11798E-13,4.09015E-13,3
0,0.154,4.11798E-13,4.09015E-13,3
0,0.15425,4.1373E-13,4.09019E-13,6
0,0.1545,4.1373E-13,4.09019E-13,6
0,0.15475,3.29937E-15,2.23139E-15,4
0,0.155,1.9321E-15,1.76345E-15,3
0,0.15525,1.9321E-15,1.76345E-15,3
0,0.1555,1.9321E-15,1.76345E-15,3
0,0.15575,0,0,0
0,0.156,0,0,0
0,0.15625,0,0,0
0,0.1565,0,0,0
0,0.15675,5.48585E-15,5.48472E-15,2
0,0.157,1.99449E-14,1.54643E-14,3
0,0.15725,2.37641E-14,1.59289E-14,4
0,0.1575,2.37641E-14,1.59289E-14,4
0,0.15775,2.37641E-14,1.59289E-14,4
0,0.158,2.48414E-14,1.59652E-14,5
0,0.15825,1.93555E-14,1.49936E-14,3
0,0.1585,4.89649E-15,3.96824E-15,2
0,0.15875,2.0222E-12,1.80291E-12,4
0,0.159,2.0222E-12,1.80291E-12,4
0,0.15925,2.02223E-12,1.80291E-12,5
0,0.1595,2.02115E-12,1.80291E-12,4
0,0.15975,2.02116E-12,1.80291E-12,5
0,0.16,2.02116E-12,1.80291E-12,5
0,0.16025,4.27096E-17,3.22011E-17,2
0,0.1605,4.27096E-17,3.22011E-17,2
0,0.16075,1.34536E-17,1.34536E-17,1
0,0.161,7.17693E-15,7.16349E-15,2
0,0.16125,9.66215E-13,9.59078E-13,2
0,0.1615,9.66215E-13,9.59078E-13,2
0,0.16175,9.9618E-13,9.59546E-13,3
0,0.162,4.38777E-11,4.28923E-11,4
0,0.16225,4.43673E-11,4.28951E-11,5
0,0.1625,4.43601E-11,4.28951E-11,4
0,0.16275,4.34011E-11,4.28843E-11,3
0,0.163,4.34011E-11,4.28843E-11,3
0,0.16325,4.33711E-11,4.28843E-11,2
0,0.1635,1.99662E-12,1.58458E-12,2
0,0.16375,1.50706E-12,1.50706E-12,1
0,0.164,1.50706E-12,1.50706E-12,1
0,0.16425,1.50706E-12,1.50706E-12,1
0,0.1645,1.50706E-12,1.50706E-12,1
0,0.16475,1.50706E-12,1.50706E-12,1
0,0.165,0,0,0
0,0.16525,8.94503E-15,8.94503E-15,1
0,0.1655,8.94503E-15,8.94503E-15,1
0,0.16575,8.94503E-15,8.94503E-15,1
0,0.166,8.94503E-15,8.94503E-15,1
0,0.16625,8.94503E-15,8.94503E-15,1
0,0.1665,8.94503E-15,8.94503E-15,1
0,0.16675,6.86168E-14,6.86168E-14,1
0,0.167,6.86168E-14,6.86168E-14,1
0,0.16725,6.86168E-14,6.86168E-14,1
0,0.1675,6.86168E-14,6.86168E-14,1
0,0.16775,6.86168E-14,6.86168E-14,1
0,0.168,6.86168E-14,6.86168E-14,1
0,0.16825,0,0,0
0,0.1685,1.37546E-16,1.37546E-16,1
0,0.16875,5.22644E-15,5.09075E-15,2
0,0.169,5.22644E-15,5.09075E-15,2
0,0.16925,5.22644E-15,5.09075E-15,2
0,0.1695,5.22644E-15,5.09075E-15,2
0,0.16975,5.22644E-15,5.09075E-15,2
0,0.17,2.46961E-12,2.46451E-12,3
0,0.17025,2.46452E-12,2.46451E-12,2
0,0.1705,2.46452E-12,2.46451E-12,2
0,0.17075,2.46452E-12,2.46451E-12,2
0,0.171,2.46452E-12,2.46451E-12,2
0,0.17125,2.46452E-12,2.46451E-12,2
0,0.1715,1.48219E-13,1.48217E-13,2
0,0.17175,1.48219E-13,1.48217E-13,2
0,0.172,1.48219E-13,1.48217E-13,2
0,0.17225,1.48304E-13,1.48217E-13,3
0,0.1725,1.51791E-13,1.48258E-13,4
0,0.17275,1.51791E-13,1.48258E-13,4
0,0.173,3.5721E-15,3.48818E-15,2
0,0.17325,3.5721E-15,3.48818E-15,2
0,0.1735,3.5721E-15,3.48818E-15,2
0,0.17375,4.95108E-15,3.78195E-15,2
0,0.174,1.48208E-13,1.46751E-13,2
0,0.17425,1.48208E-13,1.46751E-13,2
0,0.1745,1.48208E-13,1.46751E-13,2
0,0.17475,1.48234E-13,1.46751E-13,3
0,0.175,1.83643E-13,1.50962E-13,4
0,0.17525,1.82179E-13,1.50955E-13,4
0,0.1755,3.54349E-14,3.54086E-14,3
0,0.17575,3.57361E-14,3.54099E-14,4
0,0.176,5.48886E-14,4.01751E-14,6
0,0.17625,5.48623E-14,4.01751E-14,5
0,0.1765,1.94538E-14,1.89812E-14,4
0,0.17675,1.94538E-14,1.89812E-14,3
0,0.177,5.24545E-10,5.24523E-10,5
0,0.17725,5.24545E-10,5.24523E-10,4
0,0.1775,5.24525E-10,5.24523E-10,2
0,0.17775,5.24525E-10,5.24523E-10,2
0,0.178,5.24525E-10,5.24523E-10,2
0,0.17825,5.24525E-10,5.24523E-10,2
0,0.1785,0,0,0
0,0.17875,0,0,0
0,0.179,0,0,0
0,0.17925,0,0,0
0,0.1795,0,0,0
0,0.17975,0,0,0
0,0.18,1.84052E-14,1.84052E-14,1
0,0.18025,5.49562E-14,4.09233E-14,2
0,0.1805,5.49562E-14,4.09233E-14,2
0,0.18075,5.49562E-14,4.09233E-14,2
0,0.181,5.49562E-14,4.09233E-14,2
0,0.18125,5.68299E-14,4.09661E-14,3
0,0.1815,3.84247E-14,3.6599E-14,2
0,0.18175,1.87372E-15,1.87372E-15,1
0,0.182,1.87372E-15,1.87372E-15,1
0,0.18225,1.87372E-15,1.87372E-15,1
0,0.1825,1.87372E-15,1.87372E-15,1
0,0.18275,0,0,0
0,0.183,0,0,0
0,0.18325,0,0,0
0,0.1835,0,0,0
0,0.18375,0,0,0
0,0.184,0,0,0
0,0.18425,0,0,0
0,0.1845,0,0,0
0,0.18475,5.87299E-13,5.87299E-13,2
0,0.185,1.08469E-12,7.69615E-13,3
0,0.18525,1.08469E-12,7.69615E-13,3
0,0.1855,1.08469E-12,7.69615E-13,3
0,0.18575,1.08469E-12,7.69615E-13,3
0,0.186,1.08469E-12,7.69615E-13,3
0,0.18625,4.97387E-13,4.97387E-13,1
0,0.1865,1.23494E-14,1.23494E-14,1
0,0.18675,1.23494E-14,1.23494E-14,1
0,0.187,1.23494E-14,1.23494E-14,1
0,0.18725,1.2552E-14,1.23511E-14,2
0,0.1875,1.2552E-14,1.23511E-14,2
0,0.18775,1.95949E-14,1.42179E-14,3
0,0.188,7.24551E-15,7.0458E-15,2
0,0.18825,4.5162E-13,4.4443E-13,3
0,0.1885,4.5162E-13,4.4443E-13,3
0,0.18875,4.51417E-13,4.4443E-13,2
0,0.189,4.51417E-13,4.4443E-13,2
0,0.18925,4.44374E-13,4.44374E-13,1
0,0.1895,4.44374E-13,4.44374E-13,1
